[+0.00s] DEBUG: Logging to /var/log/lightdm/lightdm.log
[+0.00s] DEBUG: Starting Light Display Manager 1.32.0, UID=0 PID=999
[+0.00s] DEBUG: Loading configuration dirs from /usr/share/lightdm/lightdm.conf.d
[+0.00s] DEBUG: Loading configuration dirs from /usr/local/share/lightdm/lightdm.conf.d
[+0.00s] DEBUG: Loading configuration dirs from /etc/xdg/lightdm/lightdm.conf.d
[+0.00s] DEBUG: Loading configuration from /etc/lightdm/lightdm.conf
[+0.00s] DEBUG: Registered seat module local
[+0.00s] DEBUG: Registered seat module xremote
[+0.00s] DEBUG: Using D-Bus name org.freedesktop.DisplayManager
[+0.00s] DEBUG: Using cross-namespace EXTERNAL authentication (this will deadlock if server is GDBus < 2.73.3)
[+0.00s] DEBUG: _g_io_module_get_default: Found default implementation local (GLocalVfs) for ‘gio-vfs’
[+0.00s] DEBUG: Monitoring logind for seats
[+0.00s] DEBUG: New seat added from logind: seat0
[+0.00s] DEBUG: Seat seat0: Loading properties from config section Seat:*
[+0.00s] DEBUG: Seat seat0 has property CanMultiSession=no
[+0.00s] DEBUG: Seat seat0: Starting
[+0.00s] DEBUG: Seat seat0: Creating greeter session
[+0.00s] DEBUG: Seat seat0: Creating display server of type x
[+0.01s] DEBUG: Using VT 7
[+0.01s] DEBUG: Seat seat0: Starting local X display on VT 7
[+0.01s] DEBUG: XServer 0: Logging to /var/log/lightdm/x-0.log
[+0.01s] DEBUG: XServer 0: Writing X server authority to /run/lightdm/root/:0
[+0.01s] DEBUG: XServer 0: Launching X Server
[+0.01s] DEBUG: Launching process 1008: /usr/bin/X :0 -seat seat0 -auth /run/lightdm/root/:0 -nolisten tcp vt7 -novtswitch
[+0.01s] DEBUG: XServer 0: Waiting for ready signal from X server :0
[+0.01s] DEBUG: Acquired bus name org.freedesktop.DisplayManager
[+0.01s] DEBUG: Registering seat with bus path /org/freedesktop/DisplayManager/Seat0
[+0.04s] DEBUG: Loading users from org.freedesktop.Accounts
[+0.04s] DEBUG: User /org/freedesktop/Accounts/User1000 added
[+3.00s] DEBUG: Got signal 10 from process 1008
[+3.00s] DEBUG: XServer 0: Got signal from X server :0
[+3.00s] DEBUG: XServer 0: Connecting to XServer :0
[+3.09s] DEBUG: g_unix_open_pipe() called with FD_CLOEXEC; please migrate to using O_CLOEXEC instead
[+3.09s] DEBUG: Seat seat0: Display server ready, starting session authentication
[+3.09s] DEBUG: Session pid=1085: Started with service 'lightdm-greeter', username 'lightdm'
[+3.10s] DEBUG: Session pid=1085: Authentication complete with return value 0: Success
[+3.10s] DEBUG: Seat seat0: Session authenticated, running command
[+3.10s] DEBUG: Session pid=1085: Running command /usr/bin/slick-greeter
[+3.10s] DEBUG: Creating shared data directory /var/lib/lightdm-data/lightdm
[+3.10s] DEBUG: Session pid=1085: Logging to /var/log/lightdm/seat0-greeter.log
[+3.36s] DEBUG: Activating VT 7
[+3.36s] DEBUG: Activating login1 session c1
[+3.36s] DEBUG: Seat seat0 changes active session to c1
[+3.36s] DEBUG: Session c1 is already active
[+3.78s] DEBUG: Greeter connected version=1.32.0 api=1 resettable=false
[+4.12s] DEBUG: Greeter start authentication for framegreper
[+4.12s] DEBUG: Session pid=1194: Started with service 'lightdm', username 'framegreper'
[+4.12s] DEBUG: Session pid=1194: Got 1 message(s) from PAM
[+4.12s] DEBUG: Prompt greeter with 1 message(s)
[+17.76s] DEBUG: Continue authentication
[+17.77s] DEBUG: Session pid=1194: Authentication complete with return value 0: Success
[+17.77s] DEBUG: Authenticate result for user framegreper: Success
[+17.77s] DEBUG: User framegreper authorized
[+17.81s] DEBUG: Greeter requests session i3
[+17.81s] DEBUG: Seat seat0: Stopping greeter; display server will be re-used for user session
[+17.81s] DEBUG: Terminating login1 session c1
[+17.81s] DEBUG: Session pid=1085: Sending SIGTERM
[+17.82s] DEBUG: Greeter closed communication channel
[+17.82s] DEBUG: Session pid=1085: Exited with return value 0
[+17.82s] DEBUG: Seat seat0: Session stopped
[+17.82s] DEBUG: Seat seat0: Greeter stopped, running session
[+17.82s] DEBUG: Registering session with bus path /org/freedesktop/DisplayManager/Session0
[+17.82s] DEBUG: g_unix_open_pipe() called with FD_CLOEXEC; please migrate to using O_CLOEXEC instead
[+17.82s] DEBUG: Session pid=1194: Running command /etc/lightdm/Xsession i3
[+17.82s] DEBUG: Creating shared data directory /var/lib/lightdm-data/framegreper
[+17.82s] DEBUG: Session pid=1194: Logging to .xsession-errors
[+18.03s] DEBUG: Activating VT 7
[+18.03s] DEBUG: Activating login1 session 2
[+18.03s] DEBUG: Seat seat0 changes active session to 
[+18.03s] DEBUG: Seat seat0 changes active session to 2
[+18.03s] DEBUG: Session 2 is already active
[+5096.97s] DEBUG: Seat seat0 changes active session to 
[+5101.90s] DEBUG: Seat seat0 changes active session to 2
[+5101.90s] DEBUG: Session 2 is already active
[+10610.86s] DEBUG: Seat seat0 changes active session to 
[+10620.48s] DEBUG: Seat seat0 changes active session to 2
[+10620.48s] DEBUG: Session 2 is already active
[+16439.36s] DEBUG: Seat seat0 changes active session to 
[+16449.03s] DEBUG: Seat seat0 changes active session to 2
[+16449.03s] DEBUG: Session 2 is already active
