
X.Org X Server 1.21.1.10
X Protocol Version 11, Revision 0
Current Operating System: Linux framegreper 6.5.13-7-MANJARO #1 SMP PREEMPT_DYNAMIC Wed Dec 20 07:15:58 UTC 2023 x86_64
Kernel command line: BOOT_IMAGE=/boot/vmlinuz-6.5-x86_64 root=UUID=e6d1d001-4cf6-4b7b-aefa-f584262834bc rw quiet apparmor=1 security=apparmor udev.log_priority=3
 
Current version of pixman: 0.42.2
	Before reporting problems, check http://wiki.x.org
	to make sure that you have the latest version.
Markers: (--) probed, (**) from config file, (==) default setting,
	(++) from command line, (!!) notice, (II) informational,
	(WW) warning, (EE) error, (NI) not implemented, (??) unknown.
(==) Log file: "/var/log/Xorg.0.log", Time: Thu Jan  4 08:56:07 2024
(==) Using config directory: "/etc/X11/xorg.conf.d"
(==) Using system config directory "/usr/share/X11/xorg.conf.d"
The XKEYBOARD keymap compiler (xkbcomp) reports:
> Warning:          Could not resolve keysym XF86CameraAccessEnable
> Warning:          Could not resolve keysym XF86CameraAccessDisable
> Warning:          Could not resolve keysym XF86CameraAccessToggle
> Warning:          Could not resolve keysym XF86NextElement
> Warning:          Could not resolve keysym XF86PreviousElement
> Warning:          Could not resolve keysym XF86AutopilotEngageToggle
> Warning:          Could not resolve keysym XF86MarkWaypoint
> Warning:          Could not resolve keysym XF86Sos
> Warning:          Could not resolve keysym XF86NavChart
> Warning:          Could not resolve keysym XF86FishingChart
> Warning:          Could not resolve keysym XF86SingleRangeRadar
> Warning:          Could not resolve keysym XF86DualRangeRadar
> Warning:          Could not resolve keysym XF86RadarOverlay
> Warning:          Could not resolve keysym XF86TraditionalSonar
> Warning:          Could not resolve keysym XF86ClearvuSonar
> Warning:          Could not resolve keysym XF86SidevuSonar
> Warning:          Could not resolve keysym XF86NavInfo
Errors from xkbcomp are not fatal to the X server
The XKEYBOARD keymap compiler (xkbcomp) reports:
> Warning:          Could not resolve keysym XF86CameraAccessEnable
> Warning:          Could not resolve keysym XF86CameraAccessDisable
> Warning:          Could not resolve keysym XF86CameraAccessToggle
> Warning:          Could not resolve keysym XF86NextElement
> Warning:          Could not resolve keysym XF86PreviousElement
> Warning:          Could not resolve keysym XF86AutopilotEngageToggle
> Warning:          Could not resolve keysym XF86MarkWaypoint
> Warning:          Could not resolve keysym XF86Sos
> Warning:          Could not resolve keysym XF86NavChart
> Warning:          Could not resolve keysym XF86FishingChart
> Warning:          Could not resolve keysym XF86SingleRangeRadar
> Warning:          Could not resolve keysym XF86DualRangeRadar
> Warning:          Could not resolve keysym XF86RadarOverlay
> Warning:          Could not resolve keysym XF86TraditionalSonar
> Warning:          Could not resolve keysym XF86ClearvuSonar
> Warning:          Could not resolve keysym XF86SidevuSonar
> Warning:          Could not resolve keysym XF86NavInfo
Errors from xkbcomp are not fatal to the X server
The XKEYBOARD keymap compiler (xkbcomp) reports:
> Warning:          Could not resolve keysym XF86CameraAccessEnable
> Warning:          Could not resolve keysym XF86CameraAccessDisable
> Warning:          Could not resolve keysym XF86CameraAccessToggle
> Warning:          Could not resolve keysym XF86NextElement
> Warning:          Could not resolve keysym XF86PreviousElement
> Warning:          Could not resolve keysym XF86AutopilotEngageToggle
> Warning:          Could not resolve keysym XF86MarkWaypoint
> Warning:          Could not resolve keysym XF86Sos
> Warning:          Could not resolve keysym XF86NavChart
> Warning:          Could not resolve keysym XF86FishingChart
> Warning:          Could not resolve keysym XF86SingleRangeRadar
> Warning:          Could not resolve keysym XF86DualRangeRadar
> Warning:          Could not resolve keysym XF86RadarOverlay
> Warning:          Could not resolve keysym XF86TraditionalSonar
> Warning:          Could not resolve keysym XF86ClearvuSonar
> Warning:          Could not resolve keysym XF86SidevuSonar
> Warning:          Could not resolve keysym XF86NavInfo
Errors from xkbcomp are not fatal to the X server
(EE) event15 - SYNA801A:00 06CB:CEC6 Touchpad: kernel bug: Touch jump detected and discarded.
See https://wayland.freedesktop.org/libinput/doc/1.24.0/touchpad-jumping-cursors.html for details
(EE) client bug: timer event15 tap: scheduled expiry is in the past (-902ms), your system is too slow
(EE) client bug: timer event15 hold: scheduled expiry is in the past (-1042ms), your system is too slow
(II) AIGLX: Suspending AIGLX clients for VT switch
(EE) event15 - SYNA801A:00 06CB:CEC6 Touchpad: kernel bug: Touch jump detected and discarded.
See https://wayland.freedesktop.org/libinput/doc/1.24.0/touchpad-jumping-cursors.html for details
(EE) event15 - SYNA801A:00 06CB:CEC6 Touchpad: kernel bug: Touch jump detected and discarded.
See https://wayland.freedesktop.org/libinput/doc/1.24.0/touchpad-jumping-cursors.html for details
(II) AIGLX: Suspending AIGLX clients for VT switch
(EE) event15 - SYNA801A:00 06CB:CEC6 Touchpad: client bug: event processing lagging behind by 263ms, your system is too slow
(EE) client bug: timer event15 tap: scheduled expiry is in the past (-633ms), your system is too slow
(EE) client bug: timer event15 hold: scheduled expiry is in the past (-773ms), your system is too slow
(II) AIGLX: Suspending AIGLX clients for VT switch
(EE) event15 - SYNA801A:00 06CB:CEC6 Touchpad: client bug: event processing lagging behind by 306ms, your system is too slow
(EE) client bug: timer event15 tap: scheduled expiry is in the past (-126ms), your system is too slow
(EE) client bug: timer event15 hold: scheduled expiry is in the past (-266ms), your system is too slow
(EE) client bug: timer event15 hold: scheduled expiry is in the past (-126ms), your system is too slow
(EE) event15 - SYNA801A:00 06CB:CEC6 Touchpad: kernel bug: Touch jump detected and discarded.
See https://wayland.freedesktop.org/libinput/doc/1.24.0/touchpad-jumping-cursors.html for details
