[     7.032] 
X.Org X Server 1.21.1.10
X Protocol Version 11, Revision 0
[     7.032] Current Operating System: Linux framegreper 6.5.13-7-MANJARO #1 SMP PREEMPT_DYNAMIC Wed Dec 20 07:15:58 UTC 2023 x86_64
[     7.032] Kernel command line: BOOT_IMAGE=/boot/vmlinuz-6.5-x86_64 root=UUID=e6d1d001-4cf6-4b7b-aefa-f584262834bc rw quiet apparmor=1 security=apparmor udev.log_priority=3
[     7.032]  
[     7.032] Current version of pixman: 0.42.2
[     7.032] 	Before reporting problems, check http://wiki.x.org
	to make sure that you have the latest version.
[     7.032] Markers: (--) probed, (**) from config file, (==) default setting,
	(++) from command line, (!!) notice, (II) informational,
	(WW) warning, (EE) error, (NI) not implemented, (??) unknown.
[     7.032] (==) Log file: "/var/log/Xorg.0.log", Time: Thu Jan  4 08:56:07 2024
[     7.033] (==) Using config directory: "/etc/X11/xorg.conf.d"
[     7.033] (==) Using system config directory "/usr/share/X11/xorg.conf.d"
[     7.034] (==) ServerLayout "layout"
[     7.034] (==) No screen section available. Using defaults.
[     7.034] (**) |-->Screen "Default Screen Section" (0)
[     7.034] (**) |   |-->Monitor "<default monitor>"
[     7.034] (==) No monitor specified for screen "Default Screen Section".
	Using a default monitor configuration.
[     7.034] (==) Automatically adding devices
[     7.034] (==) Automatically enabling devices
[     7.034] (==) Automatically adding GPU devices
[     7.034] (==) Automatically binding GPU devices
[     7.034] (==) Max clients allowed: 256, resource mask: 0x1fffff
[     7.035] (WW) The directory "/usr/share/fonts/Type1" does not exist.
[     7.035] 	Entry deleted from font path.
[     7.035] (WW) The directory "/usr/share/fonts/100dpi" does not exist.
[     7.035] 	Entry deleted from font path.
[     7.035] (WW) The directory "/usr/share/fonts/75dpi" does not exist.
[     7.035] 	Entry deleted from font path.
[     7.035] (==) FontPath set to:
	/usr/share/fonts/misc,
	/usr/share/fonts/TTF,
	/usr/share/fonts/OTF
[     7.035] (==) ModulePath set to "/usr/lib/xorg/modules"
[     7.035] (II) The server relies on udev to provide the list of input devices.
	If no devices become available, reconfigure udev or disable AutoAddDevices.
[     7.035] (II) Module ABI versions:
[     7.035] 	X.Org ANSI C Emulation: 0.4
[     7.035] 	X.Org Video Driver: 25.2
[     7.035] 	X.Org XInput driver : 24.4
[     7.035] 	X.Org Server Extension : 10.0
[     7.036] (++) using VT number 7

[     7.036] (II) systemd-logind: logind integration requires -keeptty and -keeptty was not provided, disabling logind integration
[     7.036] (II) xfree86: Adding drm device (/dev/dri/card0)
[     7.036] (II) Platform probe for /sys/devices/pci0000:00/0000:00:01.0/0000:01:00.0/drm/card0
[     7.036] (II) xfree86: Adding drm device (/dev/dri/card1)
[     7.036] (II) Platform probe for /sys/devices/pci0000:00/0000:00:02.0/drm/card1
[     7.038] (**) OutputClass "nvidia" ModulePath extended to "/usr/lib/nvidia/xorg,/usr/lib/xorg/modules,/usr/lib/xorg/modules"
[     7.038] (**) OutputClass "nvidia" ModulePath extended to "/usr/lib/nvidia/xorg,/usr/lib/xorg/modules,/usr/lib/nvidia/xorg,/usr/lib/xorg/modules,/usr/lib/xorg/modules"
[     7.039] (--) PCI:*(0@0:2:0) 8086:a788:17aa:2307 rev 4, Mem @ 0x6451000000/16777216, 0x4000000000/268435456, I/O @ 0x00005000/64, BIOS @ 0x????????/131072
[     7.039] (--) PCI: (1@0:0:0) 10de:27bb:17aa:2307 rev 161, Mem @ 0xbd000000/16777216, 0x6000000000/17179869184, 0x6400000000/33554432, I/O @ 0x00004000/128, BIOS @ 0x????????/524288
[     7.039] (WW) Open ACPI failed (/var/run/acpid.socket) (No such file or directory)
[     7.039] (II) LoadModule: "glx"
[     7.040] (II) Loading /usr/lib/xorg/modules/extensions/libglx.so
[     7.045] (II) Module glx: vendor="X.Org Foundation"
[     7.045] 	compiled for 1.21.1.10, module version = 1.0.0
[     7.045] 	ABI class: X.Org Server Extension, version 10.0
[     7.045] (II) Applying OutputClass "intel" to /dev/dri/card1
[     7.045] 	loading driver: modesetting
[     7.045] (II) Applying OutputClass "nvidia" to /dev/dri/card0
[     7.045] 	loading driver: nvidia
[     7.045] (II) Applying OutputClass "nvidia" to /dev/dri/card0
[     7.045] 	loading driver: nvidia
[     7.551] (==) Matched modesetting as autoconfigured driver 0
[     7.551] (==) Matched nvidia as autoconfigured driver 1
[     7.551] (==) Matched nouveau as autoconfigured driver 2
[     7.551] (==) Matched nv as autoconfigured driver 3
[     7.551] (==) Matched fbdev as autoconfigured driver 4
[     7.551] (==) Matched vesa as autoconfigured driver 5
[     7.551] (==) Assigned the driver to the xf86ConfigLayout
[     7.551] (II) LoadModule: "modesetting"
[     7.551] (II) Loading /usr/lib/xorg/modules/drivers/modesetting_drv.so
[     7.557] (II) Module modesetting: vendor="X.Org Foundation"
[     7.557] 	compiled for 1.21.1.10, module version = 1.21.1
[     7.557] 	Module class: X.Org Video Driver
[     7.557] 	ABI class: X.Org Video Driver, version 25.2
[     7.557] (II) LoadModule: "nvidia"
[     7.557] (II) Loading /usr/lib/xorg/modules/drivers/nvidia_drv.so
[     7.561] (II) Module nvidia: vendor="NVIDIA Corporation"
[     7.561] 	compiled for 1.6.99.901, module version = 1.0.0
[     7.561] 	Module class: X.Org Video Driver
[     7.561] (II) LoadModule: "nouveau"
[     7.562] (WW) Warning, couldn't open module nouveau
[     7.562] (EE) Failed to load module "nouveau" (module does not exist, 0)
[     7.562] (II) LoadModule: "nv"
[     7.562] (WW) Warning, couldn't open module nv
[     7.562] (EE) Failed to load module "nv" (module does not exist, 0)
[     7.562] (II) LoadModule: "fbdev"
[     7.562] (WW) Warning, couldn't open module fbdev
[     7.562] (EE) Failed to load module "fbdev" (module does not exist, 0)
[     7.562] (II) LoadModule: "vesa"
[     7.563] (WW) Warning, couldn't open module vesa
[     7.563] (EE) Failed to load module "vesa" (module does not exist, 0)
[     7.563] (II) modesetting: Driver for Modesetting Kernel Drivers: kms
[     7.563] (II) NVIDIA dlloader X Driver  545.29.06  Thu Nov 16 01:52:34 UTC 2023
[     7.563] (II) NVIDIA Unified Driver for all Supported NVIDIA GPUs
[     7.592] (II) modeset(0): using drv /dev/dri/card1
[     7.592] (II) Loading sub module "fb"
[     7.592] (II) LoadModule: "fb"
[     7.592] (II) Module "fb" already built-in
[     7.592] (II) Loading sub module "wfb"
[     7.592] (II) LoadModule: "wfb"
[     7.593] (II) Loading /usr/lib/xorg/modules/libwfb.so
[     7.593] (II) Module wfb: vendor="X.Org Foundation"
[     7.593] 	compiled for 1.21.1.10, module version = 1.0.0
[     7.593] 	ABI class: X.Org ANSI C Emulation, version 0.4
[     7.594] (II) modeset(0): Creating default Display subsection in Screen section
	"Default Screen Section" for depth/fbbpp 24/32
[     7.594] (==) modeset(0): Depth 24, (==) framebuffer bpp 32
[     7.594] (==) modeset(0): RGB weight 888
[     7.594] (==) modeset(0): Default visual is TrueColor
[     7.594] (II) Loading sub module "glamoregl"
[     7.594] (II) LoadModule: "glamoregl"
[     7.594] (II) Loading /usr/lib/xorg/modules/libglamoregl.so
[     7.600] (II) Module glamoregl: vendor="X.Org Foundation"
[     7.600] 	compiled for 1.21.1.10, module version = 1.0.1
[     7.600] 	ABI class: X.Org ANSI C Emulation, version 0.4
[     8.683] (II) modeset(0): glamor X acceleration enabled on Mesa Intel(R) Graphics (RPL-S)
[     8.683] (II) modeset(0): glamor initialized
[     8.683] (==) modeset(0): VariableRefresh: disabled
[     8.683] (==) modeset(0): AsyncFlipSecondaries: disabled
[     8.686] (II) modeset(0): Output eDP-1 has no monitor section
[     8.689] (II) modeset(0): EDID for output eDP-1
[     8.689] (II) modeset(0): Manufacturer: SDC  Model: 4165  Serial#: 0
[     8.689] (II) modeset(0): Year: 2021  Week: 0
[     8.689] (II) modeset(0): EDID Version: 1.4
[     8.689] (II) modeset(0): Digital Display Input
[     8.689] (II) modeset(0): 10 bits per channel
[     8.689] (II) modeset(0): Digital interface is DisplayPort
[     8.689] (II) modeset(0): Max Image Size [cm]: horiz.: 34  vert.: 22
[     8.689] (II) modeset(0): Gamma: 2.20
[     8.689] (II) modeset(0): No DPMS capabilities specified
[     8.689] (II) modeset(0): Supported color encodings: RGB 4:4:4 
[     8.689] (II) modeset(0): First detailed timing is preferred mode
[     8.689] (II) modeset(0): Preferred mode is native pixel format and refresh rate
[     8.689] (II) modeset(0): redX: 0.680 redY: 0.320   greenX: 0.237 greenY: 0.723
[     8.689] (II) modeset(0): blueX: 0.140 blueY: 0.050   whiteX: 0.312 whiteY: 0.329
[     8.689] (II) modeset(0): Manufacturer's mask: 0
[     8.689] (II) modeset(0): Supported detailed timing:
[     8.689] (II) modeset(0): clock: 572.0 MHz   Image Size:  344 x 215 mm
[     8.689] (II) modeset(0): h_active: 3840  h_sync: 3872  h_sync_end 3880 h_blank_end 3920 h_border: 0
[     8.689] (II) modeset(0): v_active: 2400  v_sync: 2408  v_sync_end 2416 v_blanking: 2432 v_border: 0
[     8.689] (II) modeset(0): Supported detailed timing:
[     8.689] (II) modeset(0): clock: 572.0 MHz   Image Size:  344 x 215 mm
[     8.689] (II) modeset(0): h_active: 3840  h_sync: 3872  h_sync_end 3880 h_blank_end 3920 h_border: 0
[     8.689] (II) modeset(0): v_active: 2400  v_sync: 2408  v_sync_end 2416 v_blanking: 2432 v_border: 0
[     8.689] (II) modeset(0):  SDC
[     8.689] (II) modeset(0):  ATNA60YV04-0
[     8.689] (II) modeset(0): Number of EDID sections to follow: 1
[     8.689] (II) modeset(0): EDID (in hex):
[     8.689] (II) modeset(0): 	00ffffffffffff004c83654100000000
[     8.689] (II) modeset(0): 	001f0104b5221678020cf1ae523cb923
[     8.689] (II) modeset(0): 	0c505400000001010101010101010101
[     8.689] (II) modeset(0): 	01010101010171df0050f06020902008
[     8.689] (II) modeset(0): 	880058d71000001b71df0050f0602090
[     8.689] (II) modeset(0): 	2008880058d71000001b000000fe0053
[     8.689] (II) modeset(0): 	444320202020202020202020000000fe
[     8.689] (II) modeset(0): 	0041544e413630595630342d302001ac
[     8.689] (II) modeset(0): 	02030f00e3058000e606050174600700
[     8.689] (II) modeset(0): 	00000000000000000000000000000000
[     8.689] (II) modeset(0): 	00000000000000000000000000000000
[     8.689] (II) modeset(0): 	00000000000000000000000000000000
[     8.689] (II) modeset(0): 	00000000000000000000000000000000
[     8.689] (II) modeset(0): 	00000000000000000000000000000000
[     8.689] (II) modeset(0): 	00000000000000000000000000000000
[     8.689] (II) modeset(0): 	000000000000000000000000000000b7
[     8.689] (II) modeset(0): Printing probed modes for output eDP-1
[     8.689] (II) modeset(0): Modeline "3840x2400"x60.0  572.01  3840 3872 3880 3920  2400 2408 2416 2432 +hsync -vsync (145.9 kHz eP)
[     8.689] (II) modeset(0): Modeline "3840x2160"x120.0  1446.25  3840 4188 4616 5392  2160 2161 2164 2235 doublescan -hsync +vsync (268.2 kHz d)
[     8.689] (II) modeset(0): Modeline "3840x2160"x120.0  1044.88  3840 3864 3880 3920  2160 2161 2164 2221 doublescan +hsync -vsync (266.5 kHz d)
[     8.689] (II) modeset(0): Modeline "3840x2160"x60.0  712.75  3840 4160 4576 5312  2160 2163 2168 2237 -hsync +vsync (134.2 kHz d)
[     8.689] (II) modeset(0): Modeline "3840x2160"x60.0  533.00  3840 3888 3920 4000  2160 2163 2168 2222 +hsync -vsync (133.2 kHz d)
[     8.689] (II) modeset(0): Modeline "3200x1800"x60.0  492.00  3200 3456 3800 4400  1800 1803 1808 1865 -hsync +vsync (111.8 kHz d)
[     8.689] (II) modeset(0): Modeline "3200x1800"x59.9  373.00  3200 3248 3280 3360  1800 1803 1808 1852 +hsync -vsync (111.0 kHz d)
[     8.689] (II) modeset(0): Modeline "2880x1620"x60.0  396.25  2880 3096 3408 3936  1620 1623 1628 1679 -hsync +vsync (100.7 kHz d)
[     8.689] (II) modeset(0): Modeline "2880x1620"x60.0  303.75  2880 2928 2960 3040  1620 1623 1628 1666 +hsync -vsync (99.9 kHz d)
[     8.689] (II) modeset(0): Modeline "2560x1600"x60.0  348.50  2560 2760 3032 3504  1600 1603 1609 1658 -hsync +vsync (99.5 kHz d)
[     8.689] (II) modeset(0): Modeline "2560x1600"x60.0  268.50  2560 2608 2640 2720  1600 1603 1609 1646 +hsync -vsync (98.7 kHz d)
[     8.689] (II) modeset(0): Modeline "2560x1440"x120.0  638.25  2560 2780 3064 3568  1440 1441 1444 1491 doublescan -hsync +vsync (178.9 kHz d)
[     8.689] (II) modeset(0): Modeline "2560x1440"x120.0  469.12  2560 2584 2600 2640  1440 1441 1444 1481 doublescan +hsync -vsync (177.7 kHz d)
[     8.689] (II) modeset(0): Modeline "2560x1440"x60.0  312.25  2560 2752 3024 3488  1440 1443 1448 1493 -hsync +vsync (89.5 kHz d)
[     8.689] (II) modeset(0): Modeline "2560x1440"x60.0  241.50  2560 2608 2640 2720  1440 1443 1448 1481 +hsync -vsync (88.8 kHz d)
[     8.689] (II) modeset(0): Modeline "2048x1536"x60.0  266.95  2048 2200 2424 2800  1536 1537 1540 1589 -hsync +vsync (95.3 kHz d)
[     8.689] (II) modeset(0): Modeline "1920x1440"x60.0  234.00  1920 2048 2256 2600  1440 1441 1444 1500 -hsync +vsync (90.0 kHz d)
[     8.689] (II) modeset(0): Modeline "1856x1392"x60.0  218.30  1856 1952 2176 2528  1392 1393 1396 1439 -hsync +vsync (86.4 kHz d)
[     8.689] (II) modeset(0): Modeline "1792x1344"x60.0  204.80  1792 1920 2120 2448  1344 1345 1348 1394 -hsync +vsync (83.7 kHz d)
[     8.689] (II) modeset(0): Modeline "2048x1152"x120.0  406.50  2048 2220 2444 2840  1152 1153 1156 1193 doublescan -hsync +vsync (143.1 kHz d)
[     8.689] (II) modeset(0): Modeline "2048x1152"x120.0  302.50  2048 2072 2088 2128  1152 1153 1156 1185 doublescan +hsync -vsync (142.2 kHz d)
[     8.689] (II) modeset(0): Modeline "2048x1152"x59.9  197.00  2048 2184 2400 2752  1152 1155 1160 1195 -hsync +vsync (71.6 kHz d)
[     8.689] (II) modeset(0): Modeline "2048x1152"x59.9  156.75  2048 2096 2128 2208  1152 1155 1160 1185 +hsync -vsync (71.0 kHz d)
[     8.689] (II) modeset(0): Modeline "1920x1200"x59.9  193.25  1920 2056 2256 2592  1200 1203 1209 1245 -hsync +vsync (74.6 kHz d)
[     8.689] (II) modeset(0): Modeline "1920x1200"x60.0  154.00  1920 1968 2000 2080  1200 1203 1209 1235 +hsync -vsync (74.0 kHz d)
[     8.689] (II) modeset(0): Modeline "1920x1080"x120.0  356.38  1920 2080 2288 2656  1080 1081 1084 1118 doublescan -hsync +vsync (134.2 kHz d)
[     8.689] (II) modeset(0): Modeline "1920x1080"x119.9  266.50  1920 1944 1960 2000  1080 1081 1084 1111 doublescan +hsync -vsync (133.2 kHz d)
[     8.689] (II) modeset(0): Modeline "1920x1080"x60.0  173.00  1920 2048 2248 2576  1080 1083 1088 1120 -hsync +vsync (67.2 kHz d)
[     8.689] (II) modeset(0): Modeline "1920x1080"x59.9  138.50  1920 1968 2000 2080  1080 1083 1088 1111 +hsync -vsync (66.6 kHz d)
[     8.689] (II) modeset(0): Modeline "1600x1200"x60.0  162.00  1600 1664 1856 2160  1200 1201 1204 1250 +hsync +vsync (75.0 kHz d)
[     8.689] (II) modeset(0): Modeline "1680x1050"x60.0  146.25  1680 1784 1960 2240  1050 1053 1059 1089 -hsync +vsync (65.3 kHz d)
[     8.689] (II) modeset(0): Modeline "1680x1050"x59.9  119.00  1680 1728 1760 1840  1050 1053 1059 1080 +hsync -vsync (64.7 kHz d)
[     8.689] (II) modeset(0): Modeline "1400x1050"x60.0  122.00  1400 1488 1640 1880  1050 1052 1064 1082 +hsync +vsync (64.9 kHz d)
[     8.689] (II) modeset(0): Modeline "1600x900"x120.0  246.00  1600 1728 1900 2200  900 901 904 932 doublescan -hsync +vsync (111.8 kHz d)
[     8.689] (II) modeset(0): Modeline "1600x900"x119.9  186.50  1600 1624 1640 1680  900 901 904 926 doublescan +hsync -vsync (111.0 kHz d)
[     8.689] (II) modeset(0): Modeline "1600x900"x59.9  118.25  1600 1696 1856 2112  900 903 908 934 -hsync +vsync (56.0 kHz d)
[     8.689] (II) modeset(0): Modeline "1600x900"x59.8   97.50  1600 1648 1680 1760  900 903 908 926 +hsync -vsync (55.4 kHz d)
[     8.689] (II) modeset(0): Modeline "1280x1024"x60.0  108.00  1280 1328 1440 1688  1024 1025 1028 1066 +hsync +vsync (64.0 kHz d)
[     8.689] (II) modeset(0): Modeline "1400x900"x60.0  103.50  1400 1480 1624 1848  900 903 913 934 -hsync +vsync (56.0 kHz d)
[     8.689] (II) modeset(0): Modeline "1400x900"x59.9   86.50  1400 1448 1480 1560  900 903 913 926 +hsync -vsync (55.4 kHz d)
[     8.689] (II) modeset(0): Modeline "1280x960"x60.0  108.00  1280 1376 1488 1800  960 961 964 1000 +hsync +vsync (60.0 kHz d)
[     8.689] (II) modeset(0): Modeline "1440x810"x120.0  198.12  1440 1548 1704 1968  810 811 814 839 doublescan -hsync +vsync (100.7 kHz d)
[     8.689] (II) modeset(0): Modeline "1440x810"x119.9  151.88  1440 1464 1480 1520  810 811 814 833 doublescan +hsync -vsync (99.9 kHz d)
[     8.689] (II) modeset(0): Modeline "1368x768"x59.9   85.25  1368 1440 1576 1784  768 771 781 798 -hsync +vsync (47.8 kHz d)
[     8.689] (II) modeset(0): Modeline "1368x768"x59.9   72.25  1368 1416 1448 1528  768 771 781 790 +hsync -vsync (47.3 kHz d)
[     8.689] (II) modeset(0): Modeline "1280x800"x120.0  174.25  1280 1380 1516 1752  800 801 804 829 doublescan -hsync +vsync (99.5 kHz d)
[     8.689] (II) modeset(0): Modeline "1280x800"x119.9  134.25  1280 1304 1320 1360  800 801 804 823 doublescan +hsync -vsync (98.7 kHz d)
[     8.689] (II) modeset(0): Modeline "1280x800"x59.8   83.50  1280 1352 1480 1680  800 803 809 831 -hsync +vsync (49.7 kHz d)
[     8.689] (II) modeset(0): Modeline "1280x800"x59.9   71.00  1280 1328 1360 1440  800 803 809 823 +hsync -vsync (49.3 kHz d)
[     8.689] (II) modeset(0): Modeline "1280x720"x120.0  156.12  1280 1376 1512 1744  720 721 724 746 doublescan -hsync +vsync (89.5 kHz d)
[     8.689] (II) modeset(0): Modeline "1280x720"x120.0  120.75  1280 1304 1320 1360  720 721 724 740 doublescan +hsync -vsync (88.8 kHz d)
[     8.689] (II) modeset(0): Modeline "1280x720"x59.9   74.50  1280 1344 1472 1664  720 723 728 748 -hsync +vsync (44.8 kHz d)
[     8.689] (II) modeset(0): Modeline "1280x720"x59.7   63.75  1280 1328 1360 1440  720 723 728 741 +hsync -vsync (44.3 kHz d)
[     8.690] (II) modeset(0): Modeline "1024x768"x120.1  133.47  1024 1100 1212 1400  768 768 770 794 doublescan -hsync +vsync (95.3 kHz d)
[     8.690] (II) modeset(0): Modeline "1024x768"x60.0   65.00  1024 1048 1184 1344  768 771 777 806 -hsync -vsync (48.4 kHz d)
[     8.690] (II) modeset(0): Modeline "960x720"x120.0  117.00  960 1024 1128 1300  720 720 722 750 doublescan -hsync +vsync (90.0 kHz d)
[     8.690] (II) modeset(0): Modeline "928x696"x120.1  109.15  928 976 1088 1264  696 696 698 719 doublescan -hsync +vsync (86.4 kHz d)
[     8.690] (II) modeset(0): Modeline "896x672"x120.0  102.40  896 960 1060 1224  672 672 674 697 doublescan -hsync +vsync (83.7 kHz d)
[     8.690] (II) modeset(0): Modeline "1024x576"x119.9   98.50  1024 1092 1200 1376  576 577 580 597 doublescan -hsync +vsync (71.6 kHz d)
[     8.690] (II) modeset(0): Modeline "1024x576"x119.9   78.38  1024 1048 1064 1104  576 577 580 592 doublescan +hsync -vsync (71.0 kHz d)
[     8.690] (II) modeset(0): Modeline "1024x576"x59.9   46.50  1024 1064 1160 1296  576 579 584 599 -hsync +vsync (35.9 kHz d)
[     8.690] (II) modeset(0): Modeline "1024x576"x59.8   42.00  1024 1072 1104 1184  576 579 584 593 +hsync -vsync (35.5 kHz d)
[     8.690] (II) modeset(0): Modeline "960x600"x119.9   96.62  960 1028 1128 1296  600 601 604 622 doublescan -hsync +vsync (74.6 kHz d)
[     8.690] (II) modeset(0): Modeline "960x600"x120.0   77.00  960 984 1000 1040  600 601 604 617 doublescan +hsync -vsync (74.0 kHz d)
[     8.690] (II) modeset(0): Modeline "960x540"x119.9   86.50  960 1024 1124 1288  540 541 544 560 doublescan -hsync +vsync (67.2 kHz d)
[     8.690] (II) modeset(0): Modeline "960x540"x120.0   69.25  960 984 1000 1040  540 541 544 555 doublescan +hsync -vsync (66.6 kHz d)
[     8.690] (II) modeset(0): Modeline "960x540"x59.6   40.75  960 992 1088 1216  540 543 548 562 -hsync +vsync (33.5 kHz d)
[     8.690] (II) modeset(0): Modeline "960x540"x59.8   37.25  960 1008 1040 1120  540 543 548 556 +hsync -vsync (33.3 kHz d)
[     8.690] (II) modeset(0): Modeline "800x600"x120.0   81.00  800 832 928 1080  600 600 602 625 doublescan +hsync +vsync (75.0 kHz d)
[     8.690] (II) modeset(0): Modeline "800x600"x60.3   40.00  800 840 968 1056  600 601 605 628 +hsync +vsync (37.9 kHz d)
[     8.690] (II) modeset(0): Modeline "800x600"x56.2   36.00  800 824 896 1024  600 601 603 625 +hsync +vsync (35.2 kHz d)
[     8.690] (II) modeset(0): Modeline "840x525"x120.0   73.12  840 892 980 1120  525 526 529 544 doublescan -hsync +vsync (65.3 kHz d)
[     8.690] (II) modeset(0): Modeline "840x525"x119.8   59.50  840 864 880 920  525 526 529 540 doublescan +hsync -vsync (64.7 kHz d)
[     8.690] (II) modeset(0): Modeline "864x486"x59.9   32.50  864 888 968 1072  486 489 494 506 -hsync +vsync (30.3 kHz d)
[     8.690] (II) modeset(0): Modeline "864x486"x59.6   30.50  864 912 944 1024  486 489 494 500 +hsync -vsync (29.8 kHz d)
[     8.690] (II) modeset(0): Modeline "700x525"x120.0   61.00  700 744 820 940  525 526 532 541 doublescan +hsync +vsync (64.9 kHz d)
[     8.690] (II) modeset(0): Modeline "800x450"x119.9   59.12  800 848 928 1056  450 451 454 467 doublescan -hsync +vsync (56.0 kHz d)
[     8.690] (II) modeset(0): Modeline "800x450"x119.6   48.75  800 824 840 880  450 451 454 463 doublescan +hsync -vsync (55.4 kHz d)
[     8.690] (II) modeset(0): Modeline "640x512"x120.0   54.00  640 664 720 844  512 512 514 533 doublescan +hsync +vsync (64.0 kHz d)
[     8.690] (II) modeset(0): Modeline "700x450"x119.9   51.75  700 740 812 924  450 451 456 467 doublescan -hsync +vsync (56.0 kHz d)
[     8.690] (II) modeset(0): Modeline "700x450"x119.8   43.25  700 724 740 780  450 451 456 463 doublescan +hsync -vsync (55.4 kHz d)
[     8.690] (II) modeset(0): Modeline "640x480"x120.0   54.00  640 688 744 900  480 480 482 500 doublescan +hsync +vsync (60.0 kHz d)
[     8.690] (II) modeset(0): Modeline "640x480"x59.9   25.18  640 656 752 800  480 490 492 525 -hsync -vsync (31.5 kHz d)
[     8.690] (II) modeset(0): Modeline "720x405"x59.5   22.50  720 744 808 896  405 408 413 422 -hsync +vsync (25.1 kHz d)
[     8.690] (II) modeset(0): Modeline "720x405"x59.0   21.75  720 768 800 880  405 408 413 419 +hsync -vsync (24.7 kHz d)
[     8.690] (II) modeset(0): Modeline "684x384"x119.8   42.62  684 720 788 892  384 385 390 399 doublescan -hsync +vsync (47.8 kHz d)
[     8.690] (II) modeset(0): Modeline "684x384"x119.7   36.12  684 708 724 764  384 385 390 395 doublescan +hsync -vsync (47.3 kHz d)
[     8.690] (II) modeset(0): Modeline "640x400"x119.8   41.75  640 676 740 840  400 401 404 415 doublescan -hsync +vsync (49.7 kHz d)
[     8.690] (II) modeset(0): Modeline "640x400"x120.0   35.50  640 664 680 720  400 401 404 411 doublescan +hsync -vsync (49.3 kHz d)
[     8.690] (II) modeset(0): Modeline "640x360"x119.7   37.25  640 672 736 832  360 361 364 374 doublescan -hsync +vsync (44.8 kHz d)
[     8.690] (II) modeset(0): Modeline "640x360"x119.7   31.88  640 664 680 720  360 361 364 370 doublescan +hsync -vsync (44.3 kHz d)
[     8.690] (II) modeset(0): Modeline "640x360"x59.8   18.00  640 664 720 800  360 363 368 376 -hsync +vsync (22.5 kHz d)
[     8.690] (II) modeset(0): Modeline "640x360"x59.3   17.75  640 688 720 800  360 363 368 374 +hsync -vsync (22.2 kHz d)
[     8.690] (II) modeset(0): Modeline "512x384"x120.0   32.50  512 524 592 672  384 385 388 403 doublescan -hsync -vsync (48.4 kHz d)
[     8.690] (II) modeset(0): Modeline "512x288"x120.0   23.25  512 532 580 648  288 289 292 299 doublescan -hsync +vsync (35.9 kHz d)
[     8.690] (II) modeset(0): Modeline "512x288"x119.8   21.00  512 536 552 592  288 289 292 296 doublescan +hsync -vsync (35.5 kHz d)
[     8.690] (II) modeset(0): Modeline "480x270"x119.3   20.38  480 496 544 608  270 271 274 281 doublescan -hsync +vsync (33.5 kHz d)
[     8.690] (II) modeset(0): Modeline "480x270"x119.6   18.62  480 504 520 560  270 271 274 278 doublescan +hsync -vsync (33.3 kHz d)
[     8.690] (II) modeset(0): Modeline "400x300"x120.6   20.00  400 420 484 528  300 300 302 314 doublescan +hsync +vsync (37.9 kHz d)
[     8.690] (II) modeset(0): Modeline "400x300"x112.7   18.00  400 412 448 512  300 300 301 312 doublescan +hsync +vsync (35.2 kHz d)
[     8.690] (II) modeset(0): Modeline "432x243"x119.8   16.25  432 444 484 536  243 244 247 253 doublescan -hsync +vsync (30.3 kHz d)
[     8.690] (II) modeset(0): Modeline "432x243"x119.1   15.25  432 456 472 512  243 244 247 250 doublescan +hsync -vsync (29.8 kHz d)
[     8.690] (II) modeset(0): Modeline "320x240"x120.1   12.59  320 328 376 400  240 245 246 262 doublescan -hsync -vsync (31.5 kHz d)
[     8.690] (II) modeset(0): Modeline "360x202"x119.0   11.25  360 372 404 448  202 204 206 211 doublescan -hsync +vsync (25.1 kHz d)
[     8.690] (II) modeset(0): Modeline "360x202"x118.3   10.88  360 384 400 440  202 204 206 209 doublescan +hsync -vsync (24.7 kHz d)
[     8.690] (II) modeset(0): Modeline "320x180"x119.7    9.00  320 332 360 400  180 181 184 188 doublescan -hsync +vsync (22.5 kHz d)
[     8.690] (II) modeset(0): Modeline "320x180"x118.6    8.88  320 344 360 400  180 181 184 187 doublescan +hsync -vsync (22.2 kHz d)
[     8.690] (II) modeset(0): Output eDP-1 connected
[     8.690] (II) modeset(0): Using exact sizes for initial modes
[     8.690] (II) modeset(0): Output eDP-1 using initial mode 3840x2400 +0+0
[     8.690] (==) modeset(0): Using gamma correction (1.0, 1.0, 1.0)
[     8.690] (==) modeset(0): DPI set to (96, 96)
[     8.690] (II) Loading sub module "fb"
[     8.690] (II) LoadModule: "fb"
[     8.690] (II) Module "fb" already built-in
[     8.690] (==) NVIDIA(G0): Depth 24, (==) framebuffer bpp 32
[     8.690] (==) NVIDIA(G0): RGB weight 888
[     8.690] (==) NVIDIA(G0): Default visual is TrueColor
[     8.690] (==) NVIDIA(G0): Using gamma correction (1.0, 1.0, 1.0)
[     8.690] (**) Option "AllowNVIDIAGpuScreens"
[     8.690] (II) Applying OutputClass "nvidia" options to /dev/dri/card0
[     8.690] (II) Applying OutputClass "nvidia" options to /dev/dri/card0
[     8.690] (**) NVIDIA(G0): Option "AllowEmptyInitialConfiguration"
[     8.690] (**) NVIDIA(G0): Enabling 2D acceleration
[     8.690] (II) Loading sub module "glxserver_nvidia"
[     8.690] (II) LoadModule: "glxserver_nvidia"
[     8.690] (II) Loading /usr/lib/nvidia/xorg/libglxserver_nvidia.so
[     8.720] (II) Module glxserver_nvidia: vendor="NVIDIA Corporation"
[     8.720] 	compiled for 1.6.99.901, module version = 1.0.0
[     8.720] 	Module class: X.Org Server Extension
[     8.720] (II) NVIDIA GLX Module  545.29.06  Thu Nov 16 01:55:23 UTC 2023
[     8.720] (II) NVIDIA: The X server supports PRIME Render Offload.
[     8.736] (--) NVIDIA(0): Valid display device(s) on GPU-0 at PCI:1:0:0
[     8.736] (--) NVIDIA(0):     DFP-0
[     8.736] (--) NVIDIA(0):     DFP-1
[     8.736] (--) NVIDIA(0):     DFP-2
[     8.736] (--) NVIDIA(0):     DFP-3
[     8.736] (--) NVIDIA(0):     DFP-4
[     8.737] (II) NVIDIA(G0): NVIDIA GPU NVIDIA RTX 3500 Ada Generation Laptop GPU
[     8.737] (II) NVIDIA(G0):     (AD104GL-A) at PCI:1:0:0 (GPU-0)
[     8.737] (--) NVIDIA(G0): Memory: 12576768 kBytes
[     8.737] (--) NVIDIA(G0): VideoBIOS: 95.04.4b.00.07
[     8.737] (II) NVIDIA(G0): Detected PCI Express Link width: 16X
[     8.737] (--) NVIDIA(GPU-0): DFP-0: disconnected
[     8.737] (--) NVIDIA(GPU-0): DFP-0: Internal TMDS
[     8.737] (--) NVIDIA(GPU-0): DFP-0: 165.0 MHz maximum pixel clock
[     8.737] (--) NVIDIA(GPU-0): 
[     8.737] (--) NVIDIA(GPU-0): DFP-1: disconnected
[     8.737] (--) NVIDIA(GPU-0): DFP-1: Internal DisplayPort
[     8.737] (--) NVIDIA(GPU-0): DFP-1: 2670.0 MHz maximum pixel clock
[     8.737] (--) NVIDIA(GPU-0): 
[     8.737] (--) NVIDIA(GPU-0): DFP-2: disconnected
[     8.737] (--) NVIDIA(GPU-0): DFP-2: Internal TMDS
[     8.737] (--) NVIDIA(GPU-0): DFP-2: 165.0 MHz maximum pixel clock
[     8.737] (--) NVIDIA(GPU-0): 
[     8.737] (--) NVIDIA(GPU-0): DFP-3: disconnected
[     8.737] (--) NVIDIA(GPU-0): DFP-3: Internal DisplayPort
[     8.737] (--) NVIDIA(GPU-0): DFP-3: 2670.0 MHz maximum pixel clock
[     8.737] (--) NVIDIA(GPU-0): 
[     8.737] (--) NVIDIA(GPU-0): DFP-4: disconnected
[     8.737] (--) NVIDIA(GPU-0): DFP-4: Internal TMDS
[     8.737] (--) NVIDIA(GPU-0): DFP-4: 165.0 MHz maximum pixel clock
[     8.737] (--) NVIDIA(GPU-0): 
[     8.742] (II) NVIDIA(G0): Validated MetaModes:
[     8.742] (II) NVIDIA(G0):     "NULL"
[     8.742] (II) NVIDIA(G0): Virtual screen size determined to be 640 x 480
[     8.742] (WW) NVIDIA(G0): Unable to get display device for DPI computation.
[     8.742] (==) NVIDIA(G0): DPI set to (75, 75); computed from built-in default
[     8.760] (==) modeset(0): Backing store enabled
[     8.760] (==) modeset(0): Silken mouse enabled
[     8.842] (II) modeset(0): Initializing kms color map for depth 24, 8 bpc.
[     8.843] (==) modeset(0): DPMS enabled
[     8.843] (II) modeset(0): [DRI2] Setup complete
[     8.843] (II) modeset(0): [DRI2]   DRI driver: iris
[     8.843] (II) modeset(0): [DRI2]   VDPAU driver: va_gl
[     8.844] (II) NVIDIA: Reserving 24576.00 MB of virtual memory for indirect memory
[     8.844] (II) NVIDIA:     access.
[     8.858] (II) NVIDIA(G0): ACPI: failed to connect to the ACPI event daemon; the daemon
[     8.858] (II) NVIDIA(G0):     may not be running or the "AcpidSocketPath" X
[     8.858] (II) NVIDIA(G0):     configuration option may not be set correctly.  When the
[     8.858] (II) NVIDIA(G0):     ACPI event daemon is available, the NVIDIA X driver will
[     8.858] (II) NVIDIA(G0):     try to use it to receive ACPI event notifications.  For
[     8.858] (II) NVIDIA(G0):     details, please see the "ConnectToAcpid" and
[     8.858] (II) NVIDIA(G0):     "AcpidSocketPath" X configuration options in Appendix B: X
[     8.858] (II) NVIDIA(G0):     Config Options in the README.
[     8.873] (II) NVIDIA(G0): Setting mode "NULL"
[     8.888] (==) NVIDIA(G0): Disabling shared memory pixmaps
[     8.888] (==) NVIDIA(G0): Backing store enabled
[     8.888] (==) NVIDIA(G0): Silken mouse enabled
[     8.888] (==) NVIDIA(G0): DPMS enabled
[     8.888] (II) Loading sub module "dri2"
[     8.888] (II) LoadModule: "dri2"
[     8.888] (II) Module "dri2" already built-in
[     8.888] (II) NVIDIA(G0): [DRI2] Setup complete
[     8.888] (II) NVIDIA(G0): [DRI2]   VDPAU driver: nvidia
[     8.888] (II) Initializing extension Generic Event Extension
[     8.888] (II) Initializing extension SHAPE
[     8.888] (II) Initializing extension MIT-SHM
[     8.888] (II) Initializing extension XInputExtension
[     8.888] (II) Initializing extension XTEST
[     8.888] (II) Initializing extension BIG-REQUESTS
[     8.888] (II) Initializing extension SYNC
[     8.888] (II) Initializing extension XKEYBOARD
[     8.888] (II) Initializing extension XC-MISC
[     8.888] (II) Initializing extension SECURITY
[     8.889] (II) Initializing extension XFIXES
[     8.889] (II) Initializing extension RENDER
[     8.889] (II) Initializing extension RANDR
[     8.889] (II) Initializing extension COMPOSITE
[     8.889] (II) Initializing extension DAMAGE
[     8.889] (II) Initializing extension MIT-SCREEN-SAVER
[     8.889] (II) Initializing extension DOUBLE-BUFFER
[     8.889] (II) Initializing extension RECORD
[     8.889] (II) Initializing extension DPMS
[     8.889] (II) Initializing extension Present
[     8.889] (II) Initializing extension DRI3
[     8.889] (II) Initializing extension X-Resource
[     8.889] (II) Initializing extension XVideo
[     8.889] (II) Initializing extension XVideo-MotionCompensation
[     8.889] (II) Initializing extension GLX
[     8.889] (II) Initializing extension GLX
[     8.889] (II) Indirect GLX disabled.
[     8.894] (II) AIGLX: Loaded and initialized iris
[     8.894] (II) GLX: Initialized DRI2 GL provider for screen 0
[     8.894] (II) Initializing extension XFree86-VidModeExtension
[     8.894] (II) Initializing extension XFree86-DGA
[     8.894] (II) Initializing extension XFree86-DRI
[     8.894] (II) Initializing extension DRI2
[     8.894] (II) Initializing extension NV-GLX
[     8.894] (II) Initializing extension NV-CONTROL
[     8.895] (II) modeset(0): Damage tracking initialized
[     8.895] (II) modeset(0): Setting screen physical size to 1016 x 635
[     8.936] (II) config/udev: Adding input device Video Bus (/dev/input/event22)
[     8.936] (**) Video Bus: Applying InputClass "evdev keyboard catchall"
[     8.936] (**) Video Bus: Applying InputClass "libinput keyboard catchall"
[     8.936] (**) Video Bus: Applying InputClass "system-keyboard"
[     8.936] (II) LoadModule: "libinput"
[     8.936] (II) Loading /usr/lib/xorg/modules/input/libinput_drv.so
[     8.938] (II) Module libinput: vendor="X.Org Foundation"
[     8.938] 	compiled for 1.21.1.8, module version = 1.4.0
[     8.938] 	Module class: X.Org XInput Driver
[     8.938] 	ABI class: X.Org XInput driver, version 24.4
[     8.938] (II) Using input driver 'libinput' for 'Video Bus'
[     8.938] (**) Video Bus: always reports core events
[     8.938] (**) Option "Device" "/dev/input/event22"
[     8.942] (II) event22 - Video Bus: is tagged by udev as: Keyboard
[     8.942] (II) event22 - Video Bus: device is a keyboard
[     8.942] (II) event22 - Video Bus: device removed
[     8.990] (**) Option "config_info" "udev:/sys/devices/LNXSYSTM:00/LNXSYBUS:00/PNP0A08:00/LNXVIDEO:01/input/input34/event22"
[     8.990] (II) XINPUT: Adding extended input device "Video Bus" (type: KEYBOARD, id 6)
[     8.990] (**) Option "xkb_layout" "de"
[     9.015] (II) event22 - Video Bus: is tagged by udev as: Keyboard
[     9.015] (II) event22 - Video Bus: device is a keyboard
[     9.015] (II) config/udev: Adding input device Video Bus (/dev/input/event21)
[     9.016] (**) Video Bus: Applying InputClass "evdev keyboard catchall"
[     9.016] (**) Video Bus: Applying InputClass "libinput keyboard catchall"
[     9.016] (**) Video Bus: Applying InputClass "system-keyboard"
[     9.016] (II) Using input driver 'libinput' for 'Video Bus'
[     9.016] (**) Video Bus: always reports core events
[     9.016] (**) Option "Device" "/dev/input/event21"
[     9.016] (II) event21 - Video Bus: is tagged by udev as: Keyboard
[     9.016] (II) event21 - Video Bus: device is a keyboard
[     9.016] (II) event21 - Video Bus: device removed
[     9.056] (**) Option "config_info" "udev:/sys/devices/LNXSYSTM:00/LNXSYBUS:00/PNP0A08:00/device:04/LNXVIDEO:00/input/input33/event21"
[     9.056] (II) XINPUT: Adding extended input device "Video Bus" (type: KEYBOARD, id 7)
[     9.056] (**) Option "xkb_layout" "de"
[     9.058] (II) event21 - Video Bus: is tagged by udev as: Keyboard
[     9.058] (II) event21 - Video Bus: device is a keyboard
[     9.059] (II) config/udev: Adding input device Power Button (/dev/input/event2)
[     9.059] (**) Power Button: Applying InputClass "evdev keyboard catchall"
[     9.059] (**) Power Button: Applying InputClass "libinput keyboard catchall"
[     9.059] (**) Power Button: Applying InputClass "system-keyboard"
[     9.059] (II) Using input driver 'libinput' for 'Power Button'
[     9.059] (**) Power Button: always reports core events
[     9.059] (**) Option "Device" "/dev/input/event2"
[     9.060] (II) event2  - Power Button: is tagged by udev as: Keyboard
[     9.060] (II) event2  - Power Button: device is a keyboard
[     9.060] (II) event2  - Power Button: device removed
[     9.090] (**) Option "config_info" "udev:/sys/devices/LNXSYSTM:00/LNXSYBUS:00/PNP0C0C:00/input/input2/event2"
[     9.090] (II) XINPUT: Adding extended input device "Power Button" (type: KEYBOARD, id 8)
[     9.090] (**) Option "xkb_layout" "de"
[     9.091] (II) event2  - Power Button: is tagged by udev as: Keyboard
[     9.091] (II) event2  - Power Button: device is a keyboard
[     9.092] (II) config/udev: Adding input device Lid Switch (/dev/input/event1)
[     9.092] (II) No input driver specified, ignoring this device.
[     9.092] (II) This device may have been added with another device file.
[     9.093] (II) config/udev: Adding input device Sleep Button (/dev/input/event0)
[     9.093] (**) Sleep Button: Applying InputClass "evdev keyboard catchall"
[     9.093] (**) Sleep Button: Applying InputClass "libinput keyboard catchall"
[     9.093] (**) Sleep Button: Applying InputClass "system-keyboard"
[     9.093] (II) Using input driver 'libinput' for 'Sleep Button'
[     9.093] (**) Sleep Button: always reports core events
[     9.093] (**) Option "Device" "/dev/input/event0"
[     9.093] (II) event0  - Sleep Button: is tagged by udev as: Keyboard
[     9.094] (II) event0  - Sleep Button: device is a keyboard
[     9.094] (II) event0  - Sleep Button: device removed
[     9.116] (**) Option "config_info" "udev:/sys/devices/LNXSYSTM:00/LNXSYBUS:00/PNP0C0E:00/input/input0/event0"
[     9.116] (II) XINPUT: Adding extended input device "Sleep Button" (type: KEYBOARD, id 9)
[     9.116] (**) Option "xkb_layout" "de"
[     9.118] (II) event0  - Sleep Button: is tagged by udev as: Keyboard
[     9.118] (II) event0  - Sleep Button: device is a keyboard
[     9.119] (II) config/udev: Adding input device HDA NVidia HDMI/DP,pcm=3 (/dev/input/event14)
[     9.119] (II) No input driver specified, ignoring this device.
[     9.119] (II) This device may have been added with another device file.
[     9.119] (II) config/udev: Adding input device HDA NVidia HDMI/DP,pcm=7 (/dev/input/event16)
[     9.119] (II) No input driver specified, ignoring this device.
[     9.119] (II) This device may have been added with another device file.
[     9.119] (II) config/udev: Adding input device HDA NVidia HDMI/DP,pcm=8 (/dev/input/event17)
[     9.119] (II) No input driver specified, ignoring this device.
[     9.119] (II) This device may have been added with another device file.
[     9.120] (II) config/udev: Adding input device HDA NVidia HDMI/DP,pcm=9 (/dev/input/event18)
[     9.120] (II) No input driver specified, ignoring this device.
[     9.120] (II) This device may have been added with another device file.
[     9.121] (II) config/udev: Adding input device LXDDZ JLab JBuds Mouse (/dev/input/event6)
[     9.121] (**) LXDDZ JLab JBuds Mouse: Applying InputClass "evdev keyboard catchall"
[     9.121] (**) LXDDZ JLab JBuds Mouse: Applying InputClass "libinput keyboard catchall"
[     9.121] (**) LXDDZ JLab JBuds Mouse: Applying InputClass "system-keyboard"
[     9.121] (II) Using input driver 'libinput' for 'LXDDZ JLab JBuds Mouse'
[     9.121] (**) LXDDZ JLab JBuds Mouse: always reports core events
[     9.121] (**) Option "Device" "/dev/input/event6"
[     9.122] (II) event6  - LXDDZ JLab JBuds Mouse: is tagged by udev as: Keyboard
[     9.122] (II) event6  - LXDDZ JLab JBuds Mouse: device is a keyboard
[     9.122] (II) event6  - LXDDZ JLab JBuds Mouse: device removed
[     9.157] (**) Option "config_info" "udev:/sys/devices/pci0000:00/0000:00:14.0/usb1/1-1/1-1:1.0/0003:1D57:FA60.0001/input/input8/event6"
[     9.157] (II) XINPUT: Adding extended input device "LXDDZ JLab JBuds Mouse" (type: KEYBOARD, id 10)
[     9.157] (**) Option "xkb_layout" "de"
[     9.159] (II) event6  - LXDDZ JLab JBuds Mouse: is tagged by udev as: Keyboard
[     9.159] (II) event6  - LXDDZ JLab JBuds Mouse: device is a keyboard
[     9.160] (II) config/udev: Adding input device LXDDZ JLab JBuds Mouse (/dev/input/event9)
[     9.160] (**) LXDDZ JLab JBuds Mouse: Applying InputClass "evdev pointer catchall"
[     9.160] (**) LXDDZ JLab JBuds Mouse: Applying InputClass "libinput pointer catchall"
[     9.160] (II) Using input driver 'libinput' for 'LXDDZ JLab JBuds Mouse'
[     9.160] (**) LXDDZ JLab JBuds Mouse: always reports core events
[     9.160] (**) Option "Device" "/dev/input/event9"
[     9.219] (II) event9  - LXDDZ JLab JBuds Mouse: is tagged by udev as: Mouse
[     9.219] (II) event9  - LXDDZ JLab JBuds Mouse: device is a pointer
[     9.220] (II) event9  - LXDDZ JLab JBuds Mouse: device removed
[     9.260] (II) libinput: LXDDZ JLab JBuds Mouse: Step value 0 was provided, libinput Fallback acceleration function is used.
[     9.260] (II) libinput: LXDDZ JLab JBuds Mouse: Step value 0 was provided, libinput Fallback acceleration function is used.
[     9.260] (II) libinput: LXDDZ JLab JBuds Mouse: Step value 0 was provided, libinput Fallback acceleration function is used.
[     9.260] (**) Option "config_info" "udev:/sys/devices/pci0000:00/0000:00:14.0/usb1/1-1/1-1:1.1/0003:1D57:FA60.0003/input/input12/event9"
[     9.260] (II) XINPUT: Adding extended input device "LXDDZ JLab JBuds Mouse" (type: MOUSE, id 11)
[     9.260] (**) Option "AccelerationScheme" "none"
[     9.260] (**) LXDDZ JLab JBuds Mouse: (accel) selected scheme none/0
[     9.260] (**) LXDDZ JLab JBuds Mouse: (accel) acceleration factor: 2.000
[     9.260] (**) LXDDZ JLab JBuds Mouse: (accel) acceleration threshold: 4
[     9.319] (II) event9  - LXDDZ JLab JBuds Mouse: is tagged by udev as: Mouse
[     9.319] (II) event9  - LXDDZ JLab JBuds Mouse: device is a pointer
[     9.321] (II) config/udev: Adding input device LXDDZ JLab JBuds Mouse (/dev/input/mouse0)
[     9.321] (II) No input driver specified, ignoring this device.
[     9.321] (II) This device may have been added with another device file.
[     9.322] (II) config/udev: Adding input device LXDDZ JLab JBuds Mouse System Control (/dev/input/event10)
[     9.322] (**) LXDDZ JLab JBuds Mouse System Control: Applying InputClass "evdev keyboard catchall"
[     9.322] (**) LXDDZ JLab JBuds Mouse System Control: Applying InputClass "libinput keyboard catchall"
[     9.322] (**) LXDDZ JLab JBuds Mouse System Control: Applying InputClass "system-keyboard"
[     9.322] (II) Using input driver 'libinput' for 'LXDDZ JLab JBuds Mouse System Control'
[     9.322] (**) LXDDZ JLab JBuds Mouse System Control: always reports core events
[     9.322] (**) Option "Device" "/dev/input/event10"
[     9.324] (II) event10 - LXDDZ JLab JBuds Mouse System Control: is tagged by udev as: Keyboard
[     9.324] (II) event10 - LXDDZ JLab JBuds Mouse System Control: device is a keyboard
[     9.324] (II) event10 - LXDDZ JLab JBuds Mouse System Control: device removed
[     9.346] (**) Option "config_info" "udev:/sys/devices/pci0000:00/0000:00:14.0/usb1/1-1/1-1:1.2/0003:1D57:FA60.0004/input/input13/event10"
[     9.347] (II) XINPUT: Adding extended input device "LXDDZ JLab JBuds Mouse System Control" (type: KEYBOARD, id 12)
[     9.347] (**) Option "xkb_layout" "de"
[     9.349] (II) event10 - LXDDZ JLab JBuds Mouse System Control: is tagged by udev as: Keyboard
[     9.349] (II) event10 - LXDDZ JLab JBuds Mouse System Control: device is a keyboard
[     9.350] (II) config/udev: Adding input device LXDDZ JLab JBuds Mouse Consumer Control (/dev/input/event7)
[     9.350] (**) LXDDZ JLab JBuds Mouse Consumer Control: Applying InputClass "evdev keyboard catchall"
[     9.350] (**) LXDDZ JLab JBuds Mouse Consumer Control: Applying InputClass "libinput keyboard catchall"
[     9.350] (**) LXDDZ JLab JBuds Mouse Consumer Control: Applying InputClass "system-keyboard"
[     9.350] (II) Using input driver 'libinput' for 'LXDDZ JLab JBuds Mouse Consumer Control'
[     9.350] (**) LXDDZ JLab JBuds Mouse Consumer Control: always reports core events
[     9.350] (**) Option "Device" "/dev/input/event7"
[     9.352] (II) event7  - LXDDZ JLab JBuds Mouse Consumer Control: is tagged by udev as: Keyboard
[     9.352] (II) event7  - LXDDZ JLab JBuds Mouse Consumer Control: device is a keyboard
[     9.352] (II) event7  - LXDDZ JLab JBuds Mouse Consumer Control: device removed
[     9.383] (II) libinput: LXDDZ JLab JBuds Mouse Consumer Control: needs a virtual subdevice
[     9.383] (**) Option "config_info" "udev:/sys/devices/pci0000:00/0000:00:14.0/usb1/1-1/1-1:1.2/0003:1D57:FA60.0004/input/input14/event7"
[     9.383] (II) XINPUT: Adding extended input device "LXDDZ JLab JBuds Mouse Consumer Control" (type: MOUSE, id 13)
[     9.383] (**) Option "AccelerationScheme" "none"
[     9.383] (**) LXDDZ JLab JBuds Mouse Consumer Control: (accel) selected scheme none/0
[     9.383] (**) LXDDZ JLab JBuds Mouse Consumer Control: (accel) acceleration factor: 2.000
[     9.383] (**) LXDDZ JLab JBuds Mouse Consumer Control: (accel) acceleration threshold: 4
[     9.386] (II) event7  - LXDDZ JLab JBuds Mouse Consumer Control: is tagged by udev as: Keyboard
[     9.386] (II) event7  - LXDDZ JLab JBuds Mouse Consumer Control: device is a keyboard
[     9.387] (II) config/udev: Adding input device LXDDZ JLab JBuds Mouse (/dev/input/event8)
[     9.387] (**) LXDDZ JLab JBuds Mouse: Applying InputClass "evdev keyboard catchall"
[     9.387] (**) LXDDZ JLab JBuds Mouse: Applying InputClass "libinput keyboard catchall"
[     9.387] (**) LXDDZ JLab JBuds Mouse: Applying InputClass "system-keyboard"
[     9.387] (II) Using input driver 'libinput' for 'LXDDZ JLab JBuds Mouse'
[     9.387] (**) LXDDZ JLab JBuds Mouse: always reports core events
[     9.387] (**) Option "Device" "/dev/input/event8"
[     9.389] (II) event8  - LXDDZ JLab JBuds Mouse: is tagged by udev as: Keyboard
[     9.389] (II) event8  - LXDDZ JLab JBuds Mouse: device is a keyboard
[     9.389] (II) event8  - LXDDZ JLab JBuds Mouse: device removed
[     9.413] (**) Option "config_info" "udev:/sys/devices/pci0000:00/0000:00:14.0/usb1/1-1/1-1:1.3/0003:1D57:FA60.0005/input/input17/event8"
[     9.413] (II) XINPUT: Adding extended input device "LXDDZ JLab JBuds Mouse" (type: KEYBOARD, id 14)
[     9.413] (**) Option "xkb_layout" "de"
[     9.415] (II) event8  - LXDDZ JLab JBuds Mouse: is tagged by udev as: Keyboard
[     9.416] (II) event8  - LXDDZ JLab JBuds Mouse: device is a keyboard
[     9.417] (II) config/udev: Adding input device Wacom Pen and multitouch sensor Pen (/dev/input/event19)
[     9.417] (**) Wacom Pen and multitouch sensor Pen: Applying InputClass "evdev tablet catchall"
[     9.417] (**) Wacom Pen and multitouch sensor Pen: Applying InputClass "libinput tablet catchall"
[     9.417] (II) Using input driver 'libinput' for 'Wacom Pen and multitouch sensor Pen'
[     9.417] (**) Wacom Pen and multitouch sensor Pen: always reports core events
[     9.417] (**) Option "Device" "/dev/input/event19"
[     9.475] (II) event19 - Wacom Pen and multitouch sensor Pen: is tagged by udev as: Tablet
[     9.492] (II) event19 - Wacom Pen and multitouch sensor Pen: tablet 'Wacom Pen and multitouch sensor Pen' unknown to libwacom
[     9.500] (II) event19 - Wacom Pen and multitouch sensor Pen: device is a tablet
[     9.500] (II) event19 - Wacom Pen and multitouch sensor Pen: device removed
[     9.553] (**) Option "config_info" "udev:/sys/devices/pci0000:00/0000:00:14.0/usb1/1-8/1-8:1.0/0003:056A:5303.0006/input/input30/event19"
[     9.553] (II) XINPUT: Adding extended input device "Wacom Pen and multitouch sensor Pen" (type: TABLET, id 15)
[     9.612] (II) event19 - Wacom Pen and multitouch sensor Pen: is tagged by udev as: Tablet
[     9.624] (II) event19 - Wacom Pen and multitouch sensor Pen: tablet 'Wacom Pen and multitouch sensor Pen' unknown to libwacom
[     9.632] (II) event19 - Wacom Pen and multitouch sensor Pen: device is a tablet
[     9.633] (II) config/udev: Adding input device Wacom Pen and multitouch sensor Pen (/dev/input/mouse4)
[     9.633] (II) No input driver specified, ignoring this device.
[     9.633] (II) This device may have been added with another device file.
[     9.633] (II) config/udev: Adding input device Wacom Pen and multitouch sensor Finger (/dev/input/event20)
[     9.633] (**) Wacom Pen and multitouch sensor Finger: Applying InputClass "evdev touchscreen catchall"
[     9.633] (**) Wacom Pen and multitouch sensor Finger: Applying InputClass "libinput touchscreen catchall"
[     9.633] (II) Using input driver 'libinput' for 'Wacom Pen and multitouch sensor Finger'
[     9.633] (**) Wacom Pen and multitouch sensor Finger: always reports core events
[     9.633] (**) Option "Device" "/dev/input/event20"
[     9.634] (II) event20 - Wacom Pen and multitouch sensor Finger: is tagged by udev as: Touchscreen
[     9.634] (II) event20 - Wacom Pen and multitouch sensor Finger: device is a touch device
[     9.634] (II) event20 - Wacom Pen and multitouch sensor Finger: device removed
[     9.680] (**) Option "config_info" "udev:/sys/devices/pci0000:00/0000:00:14.0/usb1/1-8/1-8:1.0/0003:056A:5303.0006/input/input31/event20"
[     9.680] (II) XINPUT: Adding extended input device "Wacom Pen and multitouch sensor Finger" (type: TOUCHSCREEN, id 16)
[     9.680] (**) Option "AccelerationScheme" "none"
[     9.680] (**) Wacom Pen and multitouch sensor Finger: (accel) selected scheme none/0
[     9.680] (**) Wacom Pen and multitouch sensor Finger: (accel) acceleration factor: 2.000
[     9.680] (**) Wacom Pen and multitouch sensor Finger: (accel) acceleration threshold: 4
[     9.682] (II) event20 - Wacom Pen and multitouch sensor Finger: is tagged by udev as: Touchscreen
[     9.682] (II) event20 - Wacom Pen and multitouch sensor Finger: device is a touch device
[     9.683] (II) config/udev: Adding input device Wacom Pen and multitouch sensor Finger (/dev/input/mouse5)
[     9.683] (II) No input driver specified, ignoring this device.
[     9.683] (II) This device may have been added with another device file.
[     9.684] (II) config/udev: Adding input device SYNA801A:00 06CB:CEC6 Mouse (/dev/input/event13)
[     9.684] (**) SYNA801A:00 06CB:CEC6 Mouse: Applying InputClass "evdev pointer catchall"
[     9.684] (**) SYNA801A:00 06CB:CEC6 Mouse: Applying InputClass "libinput pointer catchall"
[     9.684] (II) Using input driver 'libinput' for 'SYNA801A:00 06CB:CEC6 Mouse'
[     9.684] (**) SYNA801A:00 06CB:CEC6 Mouse: always reports core events
[     9.684] (**) Option "Device" "/dev/input/event13"
[     9.685] (II) event13 - SYNA801A:00 06CB:CEC6 Mouse: is tagged by udev as: Mouse Pointingstick
[     9.685] (II) event13 - SYNA801A:00 06CB:CEC6 Mouse: device is a pointer
[     9.687] (II) event13 - SYNA801A:00 06CB:CEC6 Mouse: device removed
[     9.723] (II) libinput: SYNA801A:00 06CB:CEC6 Mouse: Step value 0 was provided, libinput Fallback acceleration function is used.
[     9.723] (II) libinput: SYNA801A:00 06CB:CEC6 Mouse: Step value 0 was provided, libinput Fallback acceleration function is used.
[     9.723] (II) libinput: SYNA801A:00 06CB:CEC6 Mouse: Step value 0 was provided, libinput Fallback acceleration function is used.
[     9.723] (**) Option "config_info" "udev:/sys/devices/pci0000:00/0000:00:15.0/i2c_designware.0/i2c-1/i2c-SYNA801A:00/0018:06CB:CEC6.0002/input/input22/event13"
[     9.723] (II) XINPUT: Adding extended input device "SYNA801A:00 06CB:CEC6 Mouse" (type: MOUSE, id 17)
[     9.723] (**) Option "AccelerationScheme" "none"
[     9.723] (**) SYNA801A:00 06CB:CEC6 Mouse: (accel) selected scheme none/0
[     9.723] (**) SYNA801A:00 06CB:CEC6 Mouse: (accel) acceleration factor: 2.000
[     9.723] (**) SYNA801A:00 06CB:CEC6 Mouse: (accel) acceleration threshold: 4
[     9.725] (II) event13 - SYNA801A:00 06CB:CEC6 Mouse: is tagged by udev as: Mouse Pointingstick
[     9.725] (II) event13 - SYNA801A:00 06CB:CEC6 Mouse: device is a pointer
[     9.727] (II) config/udev: Adding input device SYNA801A:00 06CB:CEC6 Mouse (/dev/input/mouse2)
[     9.727] (II) No input driver specified, ignoring this device.
[     9.727] (II) This device may have been added with another device file.
[     9.728] (II) config/udev: Adding input device SYNA801A:00 06CB:CEC6 Touchpad (/dev/input/event15)
[     9.728] (**) SYNA801A:00 06CB:CEC6 Touchpad: Applying InputClass "evdev touchpad catchall"
[     9.728] (**) SYNA801A:00 06CB:CEC6 Touchpad: Applying InputClass "libinput touchpad catchall"
[     9.728] (**) SYNA801A:00 06CB:CEC6 Touchpad: Applying InputClass "touchpad"
[     9.728] (II) Using input driver 'libinput' for 'SYNA801A:00 06CB:CEC6 Touchpad'
[     9.728] (**) SYNA801A:00 06CB:CEC6 Touchpad: always reports core events
[     9.728] (**) Option "Device" "/dev/input/event15"
[     9.729] (II) event15 - SYNA801A:00 06CB:CEC6 Touchpad: is tagged by udev as: Touchpad
[     9.731] (II) event15 - SYNA801A:00 06CB:CEC6 Touchpad: device is a touchpad
[     9.731] (II) event15 - SYNA801A:00 06CB:CEC6 Touchpad: device removed
[     9.766] (**) Option "Tapping" "on"
[     9.766] (II) libinput: SYNA801A:00 06CB:CEC6 Touchpad: Step value 0 was provided, libinput Fallback acceleration function is used.
[     9.766] (II) libinput: SYNA801A:00 06CB:CEC6 Touchpad: Step value 0 was provided, libinput Fallback acceleration function is used.
[     9.766] (II) libinput: SYNA801A:00 06CB:CEC6 Touchpad: Step value 0 was provided, libinput Fallback acceleration function is used.
[     9.767] (**) Option "config_info" "udev:/sys/devices/pci0000:00/0000:00:15.0/i2c_designware.0/i2c-1/i2c-SYNA801A:00/0018:06CB:CEC6.0002/input/input23/event15"
[     9.767] (II) XINPUT: Adding extended input device "SYNA801A:00 06CB:CEC6 Touchpad" (type: TOUCHPAD, id 18)
[     9.770] (**) Option "AccelerationScheme" "none"
[     9.770] (**) SYNA801A:00 06CB:CEC6 Touchpad: (accel) selected scheme none/0
[     9.770] (**) SYNA801A:00 06CB:CEC6 Touchpad: (accel) acceleration factor: 2.000
[     9.770] (**) SYNA801A:00 06CB:CEC6 Touchpad: (accel) acceleration threshold: 4
[     9.771] (II) event15 - SYNA801A:00 06CB:CEC6 Touchpad: is tagged by udev as: Touchpad
[     9.773] (II) event15 - SYNA801A:00 06CB:CEC6 Touchpad: device is a touchpad
[     9.774] (II) config/udev: Adding input device SYNA801A:00 06CB:CEC6 Touchpad (/dev/input/mouse3)
[     9.774] (**) SYNA801A:00 06CB:CEC6 Touchpad: Applying InputClass "touchpad"
[     9.774] (II) Using input driver 'libinput' for 'SYNA801A:00 06CB:CEC6 Touchpad'
[     9.774] (**) SYNA801A:00 06CB:CEC6 Touchpad: always reports core events
[     9.774] (**) Option "Device" "/dev/input/mouse3"
[     9.833] (II) mouse3  - not using input device '/dev/input/mouse3'.
[     9.833] (EE) libinput: SYNA801A:00 06CB:CEC6 Touchpad: Failed to create a device for /dev/input/mouse3
[     9.833] (EE) PreInit returned 2 for "SYNA801A:00 06CB:CEC6 Touchpad"
[     9.833] (II) UnloadModule: "libinput"
[     9.834] (II) config/udev: Adding input device sof-hda-dsp Mic (/dev/input/event23)
[     9.834] (II) No input driver specified, ignoring this device.
[     9.834] (II) This device may have been added with another device file.
[     9.834] (II) config/udev: Adding input device sof-hda-dsp Headphone (/dev/input/event24)
[     9.834] (II) No input driver specified, ignoring this device.
[     9.834] (II) This device may have been added with another device file.
[     9.835] (II) config/udev: Adding input device sof-hda-dsp HDMI/DP,pcm=3 (/dev/input/event25)
[     9.835] (II) No input driver specified, ignoring this device.
[     9.835] (II) This device may have been added with another device file.
[     9.835] (II) config/udev: Adding input device sof-hda-dsp HDMI/DP,pcm=4 (/dev/input/event26)
[     9.835] (II) No input driver specified, ignoring this device.
[     9.835] (II) This device may have been added with another device file.
[     9.836] (II) config/udev: Adding input device sof-hda-dsp HDMI/DP,pcm=5 (/dev/input/event27)
[     9.836] (II) No input driver specified, ignoring this device.
[     9.836] (II) This device may have been added with another device file.
[     9.836] (II) config/udev: Adding input device Intel HID events (/dev/input/event4)
[     9.836] (**) Intel HID events: Applying InputClass "evdev keyboard catchall"
[     9.836] (**) Intel HID events: Applying InputClass "libinput keyboard catchall"
[     9.836] (**) Intel HID events: Applying InputClass "system-keyboard"
[     9.836] (II) Using input driver 'libinput' for 'Intel HID events'
[     9.836] (**) Intel HID events: always reports core events
[     9.836] (**) Option "Device" "/dev/input/event4"
[     9.837] (II) event4  - Intel HID events: is tagged by udev as: Keyboard
[     9.837] (II) event4  - Intel HID events: device is a keyboard
[     9.837] (II) event4  - Intel HID events: device removed
[     9.856] (**) Option "config_info" "udev:/sys/devices/platform/INTC1070:00/input/input5/event4"
[     9.857] (II) XINPUT: Adding extended input device "Intel HID events" (type: KEYBOARD, id 19)
[     9.857] (**) Option "xkb_layout" "de"
[     9.858] (II) event4  - Intel HID events: is tagged by udev as: Keyboard
[     9.858] (II) event4  - Intel HID events: device is a keyboard
[     9.859] (II) config/udev: Adding input device AT Translated Set 2 keyboard (/dev/input/event3)
[     9.859] (**) AT Translated Set 2 keyboard: Applying InputClass "evdev keyboard catchall"
[     9.859] (**) AT Translated Set 2 keyboard: Applying InputClass "libinput keyboard catchall"
[     9.859] (**) AT Translated Set 2 keyboard: Applying InputClass "system-keyboard"
[     9.859] (II) Using input driver 'libinput' for 'AT Translated Set 2 keyboard'
[     9.859] (**) AT Translated Set 2 keyboard: always reports core events
[     9.859] (**) Option "Device" "/dev/input/event3"
[     9.860] (II) event3  - AT Translated Set 2 keyboard: is tagged by udev as: Keyboard
[     9.860] (II) event3  - AT Translated Set 2 keyboard: device is a keyboard
[     9.862] (II) event3  - AT Translated Set 2 keyboard: device removed
[     9.893] (**) Option "config_info" "udev:/sys/devices/platform/i8042/serio0/input/input3/event3"
[     9.893] (II) XINPUT: Adding extended input device "AT Translated Set 2 keyboard" (type: KEYBOARD, id 20)
[     9.893] (**) Option "xkb_layout" "de"
[     9.895] (II) event3  - AT Translated Set 2 keyboard: is tagged by udev as: Keyboard
[     9.895] (II) event3  - AT Translated Set 2 keyboard: device is a keyboard
[     9.897] (II) config/udev: Adding input device TPPS/2 Elan TrackPoint (/dev/input/event11)
[     9.897] (**) TPPS/2 Elan TrackPoint: Applying InputClass "evdev pointer catchall"
[     9.897] (**) TPPS/2 Elan TrackPoint: Applying InputClass "libinput pointer catchall"
[     9.897] (II) Using input driver 'libinput' for 'TPPS/2 Elan TrackPoint'
[     9.897] (**) TPPS/2 Elan TrackPoint: always reports core events
[     9.897] (**) Option "Device" "/dev/input/event11"
[     9.898] (II) event11 - TPPS/2 Elan TrackPoint: is tagged by udev as: Mouse Pointingstick
[     9.898] (II) event11 - TPPS/2 Elan TrackPoint: device is a pointer
[     9.900] (II) event11 - TPPS/2 Elan TrackPoint: device removed
[     9.946] (II) libinput: TPPS/2 Elan TrackPoint: Step value 0 was provided, libinput Fallback acceleration function is used.
[     9.946] (II) libinput: TPPS/2 Elan TrackPoint: Step value 0 was provided, libinput Fallback acceleration function is used.
[     9.946] (II) libinput: TPPS/2 Elan TrackPoint: Step value 0 was provided, libinput Fallback acceleration function is used.
[     9.946] (**) Option "config_info" "udev:/sys/devices/platform/i8042/serio1/input/input7/event11"
[     9.946] (II) XINPUT: Adding extended input device "TPPS/2 Elan TrackPoint" (type: MOUSE, id 21)
[     9.947] (**) Option "AccelerationScheme" "none"
[     9.947] (**) TPPS/2 Elan TrackPoint: (accel) selected scheme none/0
[     9.947] (**) TPPS/2 Elan TrackPoint: (accel) acceleration factor: 2.000
[     9.947] (**) TPPS/2 Elan TrackPoint: (accel) acceleration threshold: 4
[     9.948] (II) event11 - TPPS/2 Elan TrackPoint: is tagged by udev as: Mouse Pointingstick
[     9.948] (II) event11 - TPPS/2 Elan TrackPoint: device is a pointer
[     9.951] (II) config/udev: Adding input device TPPS/2 Elan TrackPoint (/dev/input/mouse1)
[     9.951] (II) No input driver specified, ignoring this device.
[     9.951] (II) This device may have been added with another device file.
[     9.951] (II) config/udev: Adding input device PC Speaker (/dev/input/event5)
[     9.951] (II) No input driver specified, ignoring this device.
[     9.951] (II) This device may have been added with another device file.
[     9.954] (II) config/udev: Adding input device ThinkPad Extra Buttons (/dev/input/event12)
[     9.954] (**) ThinkPad Extra Buttons: Applying InputClass "evdev keyboard catchall"
[     9.954] (**) ThinkPad Extra Buttons: Applying InputClass "libinput keyboard catchall"
[     9.954] (**) ThinkPad Extra Buttons: Applying InputClass "system-keyboard"
[     9.954] (II) Using input driver 'libinput' for 'ThinkPad Extra Buttons'
[     9.954] (**) ThinkPad Extra Buttons: always reports core events
[     9.954] (**) Option "Device" "/dev/input/event12"
[     9.955] (II) event12 - ThinkPad Extra Buttons: is tagged by udev as: Keyboard Switch
[     9.955] (II) event12 - ThinkPad Extra Buttons: device is a keyboard
[     9.955] (II) event12 - ThinkPad Extra Buttons: device removed
[     9.973] (**) Option "config_info" "udev:/sys/devices/platform/thinkpad_acpi/input/input16/event12"
[     9.973] (II) XINPUT: Adding extended input device "ThinkPad Extra Buttons" (type: KEYBOARD, id 22)
[     9.973] (**) Option "xkb_layout" "de"
[     9.975] (II) event12 - ThinkPad Extra Buttons: is tagged by udev as: Keyboard Switch
[     9.975] (II) event12 - ThinkPad Extra Buttons: device is a keyboard
[    10.008] (**) LXDDZ JLab JBuds Mouse Consumer Control: Applying InputClass "evdev keyboard catchall"
[    10.008] (**) LXDDZ JLab JBuds Mouse Consumer Control: Applying InputClass "libinput keyboard catchall"
[    10.008] (**) LXDDZ JLab JBuds Mouse Consumer Control: Applying InputClass "system-keyboard"
[    10.008] (II) Using input driver 'libinput' for 'LXDDZ JLab JBuds Mouse Consumer Control'
[    10.008] (**) LXDDZ JLab JBuds Mouse Consumer Control: always reports core events
[    10.008] (**) Option "Device" "/dev/input/event7"
[    10.008] (II) libinput: LXDDZ JLab JBuds Mouse Consumer Control: is a virtual subdevice
[    10.008] (**) Option "config_info" "udev:/sys/devices/pci0000:00/0000:00:14.0/usb1/1-1/1-1:1.2/0003:1D57:FA60.0004/input/input14/event7"
[    10.008] (II) XINPUT: Adding extended input device "LXDDZ JLab JBuds Mouse Consumer Control" (type: KEYBOARD, id 23)
[    10.008] (**) Option "xkb_layout" "de"
[    25.511] (II) modeset(0): Allocate new frame buffer 1920x1080 stride
[  1834.402] (EE) event15 - SYNA801A:00 06CB:CEC6 Touchpad: kernel bug: Touch jump detected and discarded.
See https://wayland.freedesktop.org/libinput/doc/1.24.0/touchpad-jumping-cursors.html for details
[  2788.812] (EE) client bug: timer event15 tap: scheduled expiry is in the past (-902ms), your system is too slow
[  2788.813] (EE) client bug: timer event15 hold: scheduled expiry is in the past (-1042ms), your system is too slow
[  5103.399] (II) event22 - Video Bus: device removed
[  5103.469] (II) event21 - Video Bus: device removed
[  5103.529] (II) event2  - Power Button: device removed
[  5103.549] (II) event0  - Sleep Button: device removed
[  5103.566] (II) event6  - LXDDZ JLab JBuds Mouse: device removed
[  5103.583] (II) event9  - LXDDZ JLab JBuds Mouse: device removed
[  5103.626] (II) event10 - LXDDZ JLab JBuds Mouse System Control: device removed
[  5103.643] (II) event8  - LXDDZ JLab JBuds Mouse: device removed
[  5103.659] (II) event19 - Wacom Pen and multitouch sensor Pen: device removed
[  5103.693] (II) event20 - Wacom Pen and multitouch sensor Finger: device removed
[  5103.726] (II) event13 - SYNA801A:00 06CB:CEC6 Mouse: device removed
[  5103.759] (II) event15 - SYNA801A:00 06CB:CEC6 Touchpad: device removed
[  5103.793] (II) event4  - Intel HID events: device removed
[  5103.819] (II) event3  - AT Translated Set 2 keyboard: device removed
[  5103.836] (II) event11 - TPPS/2 Elan TrackPoint: device removed
[  5103.883] (II) event12 - ThinkPad Extra Buttons: device removed
[  5103.899] (II) event7  - LXDDZ JLab JBuds Mouse Consumer Control: device removed
[  5103.916] (II) AIGLX: Suspending AIGLX clients for VT switch
[  5108.885] (II) AIGLX: Resuming AIGLX clients after VT switch
[  5108.890] (II) modeset(0): EDID vendor "SDC", prod id 16741
[  5108.890] (II) modeset(0): Printing DDC gathered Modelines:
[  5108.890] (II) modeset(0): Modeline "3840x2400"x0.0  572.01  3840 3872 3880 3920  2400 2408 2416 2432 +hsync -vsync (145.9 kHz eP)
[  5108.977] (II) modeset(0): EDID vendor "SDC", prod id 16741
[  5108.977] (II) modeset(0): Printing DDC gathered Modelines:
[  5108.977] (II) modeset(0): Modeline "3840x2400"x0.0  572.01  3840 3872 3880 3920  2400 2408 2416 2432 +hsync -vsync (145.9 kHz eP)
[  5108.991] (--) NVIDIA(GPU-0): DFP-0: disconnected
[  5108.991] (--) NVIDIA(GPU-0): DFP-0: Internal TMDS
[  5108.991] (--) NVIDIA(GPU-0): DFP-0: 165.0 MHz maximum pixel clock
[  5108.991] (--) NVIDIA(GPU-0): 
[  5108.991] (--) NVIDIA(GPU-0): DFP-1: disconnected
[  5108.991] (--) NVIDIA(GPU-0): DFP-1: Internal DisplayPort
[  5108.991] (--) NVIDIA(GPU-0): DFP-1: 2670.0 MHz maximum pixel clock
[  5108.991] (--) NVIDIA(GPU-0): 
[  5108.991] (--) NVIDIA(GPU-0): DFP-2: disconnected
[  5108.991] (--) NVIDIA(GPU-0): DFP-2: Internal TMDS
[  5108.991] (--) NVIDIA(GPU-0): DFP-2: 165.0 MHz maximum pixel clock
[  5108.991] (--) NVIDIA(GPU-0): 
[  5108.991] (--) NVIDIA(GPU-0): DFP-3: disconnected
[  5108.991] (--) NVIDIA(GPU-0): DFP-3: Internal DisplayPort
[  5108.991] (--) NVIDIA(GPU-0): DFP-3: 2670.0 MHz maximum pixel clock
[  5108.991] (--) NVIDIA(GPU-0): 
[  5108.992] (--) NVIDIA(GPU-0): DFP-4: disconnected
[  5108.992] (--) NVIDIA(GPU-0): DFP-4: Internal TMDS
[  5108.992] (--) NVIDIA(GPU-0): DFP-4: 165.0 MHz maximum pixel clock
[  5108.992] (--) NVIDIA(GPU-0): 
[  5109.008] (II) NVIDIA(G0): Setting mode "NULL"
[  5109.024] (II) NVIDIA(G0): ACPI: failed to connect to the ACPI event daemon; the daemon
[  5109.024] (II) NVIDIA(G0):     may not be running or the "AcpidSocketPath" X
[  5109.024] (II) NVIDIA(G0):     configuration option may not be set correctly.  When the
[  5109.024] (II) NVIDIA(G0):     ACPI event daemon is available, the NVIDIA X driver will
[  5109.024] (II) NVIDIA(G0):     try to use it to receive ACPI event notifications.  For
[  5109.024] (II) NVIDIA(G0):     details, please see the "ConnectToAcpid" and
[  5109.024] (II) NVIDIA(G0):     "AcpidSocketPath" X configuration options in Appendix B: X
[  5109.024] (II) NVIDIA(G0):     Config Options in the README.
[  5109.041] (II) event22 - Video Bus: is tagged by udev as: Keyboard
[  5109.041] (II) event22 - Video Bus: device is a keyboard
[  5109.042] (II) event21 - Video Bus: is tagged by udev as: Keyboard
[  5109.042] (II) event21 - Video Bus: device is a keyboard
[  5109.042] (II) event2  - Power Button: is tagged by udev as: Keyboard
[  5109.042] (II) event2  - Power Button: device is a keyboard
[  5109.043] (II) event0  - Sleep Button: is tagged by udev as: Keyboard
[  5109.043] (II) event0  - Sleep Button: device is a keyboard
[  5109.043] (II) event6  - LXDDZ JLab JBuds Mouse: is tagged by udev as: Keyboard
[  5109.043] (II) event6  - LXDDZ JLab JBuds Mouse: device is a keyboard
[  5109.101] (II) event9  - LXDDZ JLab JBuds Mouse: is tagged by udev as: Mouse
[  5109.101] (II) event9  - LXDDZ JLab JBuds Mouse: device is a pointer
[  5109.103] (II) event10 - LXDDZ JLab JBuds Mouse System Control: is tagged by udev as: Keyboard
[  5109.103] (II) event10 - LXDDZ JLab JBuds Mouse System Control: device is a keyboard
[  5109.105] (II) event7  - LXDDZ JLab JBuds Mouse Consumer Control: is tagged by udev as: Keyboard
[  5109.105] (II) event7  - LXDDZ JLab JBuds Mouse Consumer Control: device is a keyboard
[  5109.106] (II) event8  - LXDDZ JLab JBuds Mouse: is tagged by udev as: Keyboard
[  5109.107] (II) event8  - LXDDZ JLab JBuds Mouse: device is a keyboard
[  5109.164] (II) event19 - Wacom Pen and multitouch sensor Pen: is tagged by udev as: Tablet
[  5109.176] (II) event19 - Wacom Pen and multitouch sensor Pen: tablet 'Wacom Pen and multitouch sensor Pen' unknown to libwacom
[  5109.184] (II) event19 - Wacom Pen and multitouch sensor Pen: device is a tablet
[  5109.185] (II) event20 - Wacom Pen and multitouch sensor Finger: is tagged by udev as: Touchscreen
[  5109.185] (II) event20 - Wacom Pen and multitouch sensor Finger: device is a touch device
[  5109.185] (II) event13 - SYNA801A:00 06CB:CEC6 Mouse: is tagged by udev as: Mouse Pointingstick
[  5109.186] (II) event13 - SYNA801A:00 06CB:CEC6 Mouse: device is a pointer
[  5109.187] (II) event15 - SYNA801A:00 06CB:CEC6 Touchpad: is tagged by udev as: Touchpad
[  5109.187] (II) event15 - SYNA801A:00 06CB:CEC6 Touchpad: device is a touchpad
[  5109.188] (II) event4  - Intel HID events: is tagged by udev as: Keyboard
[  5109.188] (II) event4  - Intel HID events: device is a keyboard
[  5109.188] (II) event3  - AT Translated Set 2 keyboard: is tagged by udev as: Keyboard
[  5109.188] (II) event3  - AT Translated Set 2 keyboard: device is a keyboard
[  5109.189] (II) event11 - TPPS/2 Elan TrackPoint: is tagged by udev as: Mouse Pointingstick
[  5109.190] (II) event11 - TPPS/2 Elan TrackPoint: device is a pointer
[  5109.191] (II) event12 - ThinkPad Extra Buttons: is tagged by udev as: Keyboard Switch
[  5109.191] (II) event12 - ThinkPad Extra Buttons: device is a keyboard
[  8888.947] (EE) event15 - SYNA801A:00 06CB:CEC6 Touchpad: kernel bug: Touch jump detected and discarded.
See https://wayland.freedesktop.org/libinput/doc/1.24.0/touchpad-jumping-cursors.html for details
[  9028.960] (EE) event15 - SYNA801A:00 06CB:CEC6 Touchpad: kernel bug: Touch jump detected and discarded.
See https://wayland.freedesktop.org/libinput/doc/1.24.0/touchpad-jumping-cursors.html for details
[ 10617.351] (II) event22 - Video Bus: device removed
[ 10617.399] (II) event21 - Video Bus: device removed
[ 10617.432] (II) event2  - Power Button: device removed
[ 10617.449] (II) event0  - Sleep Button: device removed
[ 10617.465] (II) event6  - LXDDZ JLab JBuds Mouse: device removed
[ 10617.482] (II) event9  - LXDDZ JLab JBuds Mouse: device removed
[ 10617.515] (II) event10 - LXDDZ JLab JBuds Mouse System Control: device removed
[ 10617.532] (II) event8  - LXDDZ JLab JBuds Mouse: device removed
[ 10617.549] (II) event19 - Wacom Pen and multitouch sensor Pen: device removed
[ 10617.582] (II) event20 - Wacom Pen and multitouch sensor Finger: device removed
[ 10617.615] (II) event13 - SYNA801A:00 06CB:CEC6 Mouse: device removed
[ 10617.659] (II) event15 - SYNA801A:00 06CB:CEC6 Touchpad: device removed
[ 10617.702] (II) event4  - Intel HID events: device removed
[ 10617.719] (II) event3  - AT Translated Set 2 keyboard: device removed
[ 10617.735] (II) event11 - TPPS/2 Elan TrackPoint: device removed
[ 10617.779] (II) event12 - ThinkPad Extra Buttons: device removed
[ 10617.795] (II) event7  - LXDDZ JLab JBuds Mouse Consumer Control: device removed
[ 10617.822] (II) AIGLX: Suspending AIGLX clients for VT switch
[ 10627.469] (II) AIGLX: Resuming AIGLX clients after VT switch
[ 10627.473] (II) modeset(0): EDID vendor "SDC", prod id 16741
[ 10627.473] (II) modeset(0): Printing DDC gathered Modelines:
[ 10627.473] (II) modeset(0): Modeline "3840x2400"x0.0  572.01  3840 3872 3880 3920  2400 2408 2416 2432 +hsync -vsync (145.9 kHz eP)
[ 10627.560] (II) modeset(0): EDID vendor "SDC", prod id 16741
[ 10627.560] (II) modeset(0): Printing DDC gathered Modelines:
[ 10627.560] (II) modeset(0): Modeline "3840x2400"x0.0  572.01  3840 3872 3880 3920  2400 2408 2416 2432 +hsync -vsync (145.9 kHz eP)
[ 10627.574] (--) NVIDIA(GPU-0): DFP-0: disconnected
[ 10627.575] (--) NVIDIA(GPU-0): DFP-0: Internal TMDS
[ 10627.575] (--) NVIDIA(GPU-0): DFP-0: 165.0 MHz maximum pixel clock
[ 10627.575] (--) NVIDIA(GPU-0): 
[ 10627.575] (--) NVIDIA(GPU-0): DFP-1: disconnected
[ 10627.575] (--) NVIDIA(GPU-0): DFP-1: Internal DisplayPort
[ 10627.575] (--) NVIDIA(GPU-0): DFP-1: 2670.0 MHz maximum pixel clock
[ 10627.575] (--) NVIDIA(GPU-0): 
[ 10627.575] (--) NVIDIA(GPU-0): DFP-2: disconnected
[ 10627.575] (--) NVIDIA(GPU-0): DFP-2: Internal TMDS
[ 10627.575] (--) NVIDIA(GPU-0): DFP-2: 165.0 MHz maximum pixel clock
[ 10627.575] (--) NVIDIA(GPU-0): 
[ 10627.575] (--) NVIDIA(GPU-0): DFP-3: disconnected
[ 10627.575] (--) NVIDIA(GPU-0): DFP-3: Internal DisplayPort
[ 10627.575] (--) NVIDIA(GPU-0): DFP-3: 2670.0 MHz maximum pixel clock
[ 10627.575] (--) NVIDIA(GPU-0): 
[ 10627.575] (--) NVIDIA(GPU-0): DFP-4: disconnected
[ 10627.575] (--) NVIDIA(GPU-0): DFP-4: Internal TMDS
[ 10627.575] (--) NVIDIA(GPU-0): DFP-4: 165.0 MHz maximum pixel clock
[ 10627.575] (--) NVIDIA(GPU-0): 
[ 10627.591] (II) NVIDIA(G0): Setting mode "NULL"
[ 10627.610] (II) NVIDIA(G0): ACPI: failed to connect to the ACPI event daemon; the daemon
[ 10627.610] (II) NVIDIA(G0):     may not be running or the "AcpidSocketPath" X
[ 10627.610] (II) NVIDIA(G0):     configuration option may not be set correctly.  When the
[ 10627.610] (II) NVIDIA(G0):     ACPI event daemon is available, the NVIDIA X driver will
[ 10627.610] (II) NVIDIA(G0):     try to use it to receive ACPI event notifications.  For
[ 10627.610] (II) NVIDIA(G0):     details, please see the "ConnectToAcpid" and
[ 10627.610] (II) NVIDIA(G0):     "AcpidSocketPath" X configuration options in Appendix B: X
[ 10627.610] (II) NVIDIA(G0):     Config Options in the README.
[ 10627.625] (II) event22 - Video Bus: is tagged by udev as: Keyboard
[ 10627.625] (II) event22 - Video Bus: device is a keyboard
[ 10627.625] (II) event21 - Video Bus: is tagged by udev as: Keyboard
[ 10627.625] (II) event21 - Video Bus: device is a keyboard
[ 10627.626] (II) event2  - Power Button: is tagged by udev as: Keyboard
[ 10627.626] (II) event2  - Power Button: device is a keyboard
[ 10627.626] (II) event0  - Sleep Button: is tagged by udev as: Keyboard
[ 10627.626] (II) event0  - Sleep Button: device is a keyboard
[ 10627.627] (II) event6  - LXDDZ JLab JBuds Mouse: is tagged by udev as: Keyboard
[ 10627.627] (II) event6  - LXDDZ JLab JBuds Mouse: device is a keyboard
[ 10627.684] (II) event9  - LXDDZ JLab JBuds Mouse: is tagged by udev as: Mouse
[ 10627.685] (II) event9  - LXDDZ JLab JBuds Mouse: device is a pointer
[ 10627.687] (II) event10 - LXDDZ JLab JBuds Mouse System Control: is tagged by udev as: Keyboard
[ 10627.687] (II) event10 - LXDDZ JLab JBuds Mouse System Control: device is a keyboard
[ 10627.688] (II) event7  - LXDDZ JLab JBuds Mouse Consumer Control: is tagged by udev as: Keyboard
[ 10627.689] (II) event7  - LXDDZ JLab JBuds Mouse Consumer Control: device is a keyboard
[ 10627.690] (II) event8  - LXDDZ JLab JBuds Mouse: is tagged by udev as: Keyboard
[ 10627.690] (II) event8  - LXDDZ JLab JBuds Mouse: device is a keyboard
[ 10627.747] (II) event19 - Wacom Pen and multitouch sensor Pen: is tagged by udev as: Tablet
[ 10627.759] (II) event19 - Wacom Pen and multitouch sensor Pen: tablet 'Wacom Pen and multitouch sensor Pen' unknown to libwacom
[ 10627.767] (II) event19 - Wacom Pen and multitouch sensor Pen: device is a tablet
[ 10627.767] (II) event20 - Wacom Pen and multitouch sensor Finger: is tagged by udev as: Touchscreen
[ 10627.768] (II) event20 - Wacom Pen and multitouch sensor Finger: device is a touch device
[ 10627.768] (II) event13 - SYNA801A:00 06CB:CEC6 Mouse: is tagged by udev as: Mouse Pointingstick
[ 10627.768] (II) event13 - SYNA801A:00 06CB:CEC6 Mouse: device is a pointer
[ 10627.769] (II) event15 - SYNA801A:00 06CB:CEC6 Touchpad: is tagged by udev as: Touchpad
[ 10627.770] (II) event15 - SYNA801A:00 06CB:CEC6 Touchpad: device is a touchpad
[ 10627.771] (II) event4  - Intel HID events: is tagged by udev as: Keyboard
[ 10627.771] (II) event4  - Intel HID events: device is a keyboard
[ 10627.771] (II) event3  - AT Translated Set 2 keyboard: is tagged by udev as: Keyboard
[ 10627.771] (II) event3  - AT Translated Set 2 keyboard: device is a keyboard
[ 10627.772] (II) event11 - TPPS/2 Elan TrackPoint: is tagged by udev as: Mouse Pointingstick
[ 10627.772] (II) event11 - TPPS/2 Elan TrackPoint: device is a pointer
[ 10627.773] (II) event12 - ThinkPad Extra Buttons: is tagged by udev as: Keyboard Switch
[ 10627.773] (II) event12 - ThinkPad Extra Buttons: device is a keyboard
[ 13089.648] (EE) event15 - SYNA801A:00 06CB:CEC6 Touchpad: client bug: event processing lagging behind by 263ms, your system is too slow
[ 15517.830] (EE) client bug: timer event15 tap: scheduled expiry is in the past (-633ms), your system is too slow
[ 15517.830] (EE) client bug: timer event15 hold: scheduled expiry is in the past (-773ms), your system is too slow
[ 16444.342] (II) event22 - Video Bus: device removed
[ 16444.432] (II) event21 - Video Bus: device removed
[ 16444.475] (II) event2  - Power Button: device removed
[ 16444.492] (II) event0  - Sleep Button: device removed
[ 16444.511] (II) event6  - LXDDZ JLab JBuds Mouse: device removed
[ 16444.528] (II) event9  - LXDDZ JLab JBuds Mouse: device removed
[ 16444.575] (II) event10 - LXDDZ JLab JBuds Mouse System Control: device removed
[ 16444.595] (II) event8  - LXDDZ JLab JBuds Mouse: device removed
[ 16444.611] (II) event19 - Wacom Pen and multitouch sensor Pen: device removed
[ 16444.655] (II) event20 - Wacom Pen and multitouch sensor Finger: device removed
[ 16444.688] (II) event13 - SYNA801A:00 06CB:CEC6 Mouse: device removed
[ 16444.722] (II) event15 - SYNA801A:00 06CB:CEC6 Touchpad: device removed
[ 16444.765] (II) event4  - Intel HID events: device removed
[ 16444.782] (II) event3  - AT Translated Set 2 keyboard: device removed
[ 16444.798] (II) event11 - TPPS/2 Elan TrackPoint: device removed
[ 16444.842] (II) event12 - ThinkPad Extra Buttons: device removed
[ 16444.858] (II) event7  - LXDDZ JLab JBuds Mouse Consumer Control: device removed
[ 16444.875] (II) AIGLX: Suspending AIGLX clients for VT switch
[ 16456.012] (II) AIGLX: Resuming AIGLX clients after VT switch
[ 16456.017] (II) modeset(0): EDID vendor "SDC", prod id 16741
[ 16456.017] (II) modeset(0): Printing DDC gathered Modelines:
[ 16456.017] (II) modeset(0): Modeline "3840x2400"x0.0  572.01  3840 3872 3880 3920  2400 2408 2416 2432 +hsync -vsync (145.9 kHz eP)
[ 16456.104] (II) modeset(0): EDID vendor "SDC", prod id 16741
[ 16456.104] (II) modeset(0): Printing DDC gathered Modelines:
[ 16456.104] (II) modeset(0): Modeline "3840x2400"x0.0  572.01  3840 3872 3880 3920  2400 2408 2416 2432 +hsync -vsync (145.9 kHz eP)
[ 16456.118] (--) NVIDIA(GPU-0): DFP-0: disconnected
[ 16456.118] (--) NVIDIA(GPU-0): DFP-0: Internal TMDS
[ 16456.118] (--) NVIDIA(GPU-0): DFP-0: 165.0 MHz maximum pixel clock
[ 16456.118] (--) NVIDIA(GPU-0): 
[ 16456.118] (--) NVIDIA(GPU-0): DFP-1: disconnected
[ 16456.118] (--) NVIDIA(GPU-0): DFP-1: Internal DisplayPort
[ 16456.118] (--) NVIDIA(GPU-0): DFP-1: 2670.0 MHz maximum pixel clock
[ 16456.118] (--) NVIDIA(GPU-0): 
[ 16456.118] (--) NVIDIA(GPU-0): DFP-2: disconnected
[ 16456.118] (--) NVIDIA(GPU-0): DFP-2: Internal TMDS
[ 16456.118] (--) NVIDIA(GPU-0): DFP-2: 165.0 MHz maximum pixel clock
[ 16456.118] (--) NVIDIA(GPU-0): 
[ 16456.118] (--) NVIDIA(GPU-0): DFP-3: disconnected
[ 16456.118] (--) NVIDIA(GPU-0): DFP-3: Internal DisplayPort
[ 16456.118] (--) NVIDIA(GPU-0): DFP-3: 2670.0 MHz maximum pixel clock
[ 16456.118] (--) NVIDIA(GPU-0): 
[ 16456.118] (--) NVIDIA(GPU-0): DFP-4: disconnected
[ 16456.118] (--) NVIDIA(GPU-0): DFP-4: Internal TMDS
[ 16456.118] (--) NVIDIA(GPU-0): DFP-4: 165.0 MHz maximum pixel clock
[ 16456.118] (--) NVIDIA(GPU-0): 
[ 16456.134] (II) NVIDIA(G0): Setting mode "NULL"
[ 16456.149] (II) NVIDIA(G0): ACPI: failed to connect to the ACPI event daemon; the daemon
[ 16456.149] (II) NVIDIA(G0):     may not be running or the "AcpidSocketPath" X
[ 16456.149] (II) NVIDIA(G0):     configuration option may not be set correctly.  When the
[ 16456.149] (II) NVIDIA(G0):     ACPI event daemon is available, the NVIDIA X driver will
[ 16456.149] (II) NVIDIA(G0):     try to use it to receive ACPI event notifications.  For
[ 16456.149] (II) NVIDIA(G0):     details, please see the "ConnectToAcpid" and
[ 16456.149] (II) NVIDIA(G0):     "AcpidSocketPath" X configuration options in Appendix B: X
[ 16456.149] (II) NVIDIA(G0):     Config Options in the README.
[ 16456.168] (II) event22 - Video Bus: is tagged by udev as: Keyboard
[ 16456.168] (II) event22 - Video Bus: device is a keyboard
[ 16456.169] (II) event21 - Video Bus: is tagged by udev as: Keyboard
[ 16456.169] (II) event21 - Video Bus: device is a keyboard
[ 16456.170] (II) event2  - Power Button: is tagged by udev as: Keyboard
[ 16456.170] (II) event2  - Power Button: device is a keyboard
[ 16456.170] (II) event0  - Sleep Button: is tagged by udev as: Keyboard
[ 16456.170] (II) event0  - Sleep Button: device is a keyboard
[ 16456.171] (II) event6  - LXDDZ JLab JBuds Mouse: is tagged by udev as: Keyboard
[ 16456.171] (II) event6  - LXDDZ JLab JBuds Mouse: device is a keyboard
[ 16456.230] (II) event9  - LXDDZ JLab JBuds Mouse: is tagged by udev as: Mouse
[ 16456.230] (II) event9  - LXDDZ JLab JBuds Mouse: device is a pointer
[ 16456.232] (II) event10 - LXDDZ JLab JBuds Mouse System Control: is tagged by udev as: Keyboard
[ 16456.232] (II) event10 - LXDDZ JLab JBuds Mouse System Control: device is a keyboard
[ 16456.234] (II) event7  - LXDDZ JLab JBuds Mouse Consumer Control: is tagged by udev as: Keyboard
[ 16456.234] (II) event7  - LXDDZ JLab JBuds Mouse Consumer Control: device is a keyboard
[ 16456.235] (II) event8  - LXDDZ JLab JBuds Mouse: is tagged by udev as: Keyboard
[ 16456.235] (II) event8  - LXDDZ JLab JBuds Mouse: device is a keyboard
[ 16456.293] (II) event19 - Wacom Pen and multitouch sensor Pen: is tagged by udev as: Tablet
[ 16456.305] (II) event19 - Wacom Pen and multitouch sensor Pen: tablet 'Wacom Pen and multitouch sensor Pen' unknown to libwacom
[ 16456.313] (II) event19 - Wacom Pen and multitouch sensor Pen: device is a tablet
[ 16456.313] (II) event20 - Wacom Pen and multitouch sensor Finger: is tagged by udev as: Touchscreen
[ 16456.313] (II) event20 - Wacom Pen and multitouch sensor Finger: device is a touch device
[ 16456.314] (II) event13 - SYNA801A:00 06CB:CEC6 Mouse: is tagged by udev as: Mouse Pointingstick
[ 16456.314] (II) event13 - SYNA801A:00 06CB:CEC6 Mouse: device is a pointer
[ 16456.315] (II) event15 - SYNA801A:00 06CB:CEC6 Touchpad: is tagged by udev as: Touchpad
[ 16456.316] (II) event15 - SYNA801A:00 06CB:CEC6 Touchpad: device is a touchpad
[ 16456.317] (II) event4  - Intel HID events: is tagged by udev as: Keyboard
[ 16456.317] (II) event4  - Intel HID events: device is a keyboard
[ 16456.317] (II) event3  - AT Translated Set 2 keyboard: is tagged by udev as: Keyboard
[ 16456.317] (II) event3  - AT Translated Set 2 keyboard: device is a keyboard
[ 16456.318] (II) event11 - TPPS/2 Elan TrackPoint: is tagged by udev as: Mouse Pointingstick
[ 16456.318] (II) event11 - TPPS/2 Elan TrackPoint: device is a pointer
[ 16456.319] (II) event12 - ThinkPad Extra Buttons: is tagged by udev as: Keyboard Switch
[ 16456.319] (II) event12 - ThinkPad Extra Buttons: device is a keyboard
[ 18473.810] (EE) event15 - SYNA801A:00 06CB:CEC6 Touchpad: client bug: event processing lagging behind by 306ms, your system is too slow
[ 18473.810] (EE) client bug: timer event15 tap: scheduled expiry is in the past (-126ms), your system is too slow
[ 18473.810] (EE) client bug: timer event15 hold: scheduled expiry is in the past (-266ms), your system is too slow
[ 19384.732] (II) event15 - SYNA801A:00 06CB:CEC6 Touchpad: SYN_DROPPED event - some input events have been lost.
[ 19384.732] (EE) client bug: timer event15 hold: scheduled expiry is in the past (-126ms), your system is too slow
[ 20642.182] (EE) event15 - SYNA801A:00 06CB:CEC6 Touchpad: kernel bug: Touch jump detected and discarded.
See https://wayland.freedesktop.org/libinput/doc/1.24.0/touchpad-jumping-cursors.html for details
